#2026 06 03 17:39:04.704#Z#DEBUG#f80b5a63-5f72-11f1-9dec-eeee0a8a2953.employee-sal-srv#flowable-async-job-executor-thread-831#
[PollStageAppStatusExecution] 0971a8b1-2973-49a6-8e8a-0bf7f7231365 [2026-06-03T17:38:16.454564] Updated app with guid 0971a8b1-2973-49a6-8e8a-0bf7f7231365 ({"metadata"=>{"annotations"=>{"mta_id"=>"empsaldetails", "mta_version"=>"1.0.0", "mta_module"=>"{\"name\":\"employee-sal-srv\"}", "mta_module_provided_dependencies"=>"[]", "mta_bound_services"=>"[\"employee-sal-db\",\"empsaldetails-auth\"]"}, "labels"=>{"mta_id"=>"9ddf8bc201b746d748f3f4d809a01f42"}}}) (STDOUT, API)#
#2026 06 03 17:39:04.704#Z#DEBUG#f80b5a63-5f72-11f1-9dec-eeee0a8a2953.employee-sal-srv#flowable-async-job-executor-thread-831#
[PollStageAppStatusExecution] 0971a8b1-2973-49a6-8e8a-0bf7f7231365 [2026-06-03T17:38:16.683588] Updated app with guid 0971a8b1-2973-49a6-8e8a-0bf7f7231365 ({"lifecycle"=>{"data"=>{"buildpacks"=>[]}, "type"=>"buildpack"}}) (STDOUT, API)#
#2026 06 03 17:39:04.704#Z#DEBUG#f80b5a63-5f72-11f1-9dec-eeee0a8a2953.employee-sal-srv#flowable-async-job-executor-thread-831#
[PollStageAppStatusExecution] 0971a8b1-2973-49a6-8e8a-0bf7f7231365 [2026-06-03T17:38:16.779935] Updating process: "web" (STDOUT, API)#
#2026 06 03 17:39:04.704#Z#DEBUG#f80b5a63-5f72-11f1-9dec-eeee0a8a2953.employee-sal-srv#flowable-async-job-executor-thread-831#
[PollStageAppStatusExecution] 0971a8b1-2973-49a6-8e8a-0bf7f7231365 [2026-06-03T17:38:44.865190] Uploading app package for app with guid 0971a8b1-2973-49a6-8e8a-0bf7f7231365 (STDOUT, API)#
#2026 06 03 17:39:04.704#Z#DEBUG#f80b5a63-5f72-11f1-9dec-eeee0a8a2953.employee-sal-srv#flowable-async-job-executor-thread-831#
[PollStageAppStatusExecution] 0971a8b1-2973-49a6-8e8a-0bf7f7231365 [2026-06-03T17:38:45.102777] Updated app with guid 0971a8b1-2973-49a6-8e8a-0bf7f7231365 ({"environment_variables"=>"[PRIVATE DATA HIDDEN]"}) (STDOUT, API)#
#2026 06 03 17:39:04.704#Z#DEBUG#f80b5a63-5f72-11f1-9dec-eeee0a8a2953.employee-sal-srv#flowable-async-job-executor-thread-831#
[PollStageAppStatusExecution] 0971a8b1-2973-49a6-8e8a-0bf7f7231365 [2026-06-03T17:38:54.923142] Creating build for app with guid 0971a8b1-2973-49a6-8e8a-0bf7f7231365 (STDOUT, API)#
#2026 06 03 17:39:04.704#Z#DEBUG#f80b5a63-5f72-11f1-9dec-eeee0a8a2953.employee-sal-srv#flowable-async-job-executor-thread-831#
[PollStageAppStatusExecution] 0971a8b1-2973-49a6-8e8a-0bf7f7231365 [2026-06-03T17:38:56.194162] Downloading zero_trust_sidecar_buildpack_1_16... (STDOUT, STG)#
#2026 06 03 17:39:04.704#Z#DEBUG#f80b5a63-5f72-11f1-9dec-eeee0a8a2953.employee-sal-srv#flowable-async-job-executor-thread-831#
[PollStageAppStatusExecution] 0971a8b1-2973-49a6-8e8a-0bf7f7231365 [2026-06-03T17:38:56.194169] Downloading python_buildpack... (STDOUT, STG)#
#2026 06 03 17:39:04.704#Z#DEBUG#f80b5a63-5f72-11f1-9dec-eeee0a8a2953.employee-sal-srv#flowable-async-job-executor-thread-831#
[PollStageAppStatusExecution] 0971a8b1-2973-49a6-8e8a-0bf7f7231365 [2026-06-03T17:38:56.194174] Downloading java_buildpack... (STDOUT, STG)#
#2026 06 03 17:39:04.704#Z#DEBUG#f80b5a63-5f72-11f1-9dec-eeee0a8a2953.employee-sal-srv#flowable-async-job-executor-thread-831#
[PollStageAppStatusExecution] 0971a8b1-2973-49a6-8e8a-0bf7f7231365 [2026-06-03T17:38:56.194230] Downloading nodejs_buildpack... (STDOUT, STG)#
#2026 06 03 17:39:04.704#Z#DEBUG#f80b5a63-5f72-11f1-9dec-eeee0a8a2953.employee-sal-srv#flowable-async-job-executor-thread-831#
[PollStageAppStatusExecution] 0971a8b1-2973-49a6-8e8a-0bf7f7231365 [2026-06-03T17:38:56.214470] Downloaded zero_trust_sidecar_buildpack_1_16 (STDOUT, STG)#
#2026 06 03 17:39:04.704#Z#DEBUG#f80b5a63-5f72-11f1-9dec-eeee0a8a2953.employee-sal-srv#flowable-async-job-executor-thread-831#
[PollStageAppStatusExecution] 0971a8b1-2973-49a6-8e8a-0bf7f7231365 [2026-06-03T17:38:56.214493] Downloading go_buildpack... (STDOUT, STG)#
#2026 06 03 17:39:04.704#Z#DEBUG#f80b5a63-5f72-11f1-9dec-eeee0a8a2953.employee-sal-srv#flowable-async-job-executor-thread-831#
[PollStageAppStatusExecution] 0971a8b1-2973-49a6-8e8a-0bf7f7231365 [2026-06-03T17:38:56.218511] Downloading staticfile_buildpack... (STDOUT, STG)#
#2026 06 03 17:39:04.704#Z#DEBUG#f80b5a63-5f72-11f1-9dec-eeee0a8a2953.employee-sal-srv#flowable-async-job-executor-thread-831#
[PollStageAppStatusExecution] 0971a8b1-2973-49a6-8e8a-0bf7f7231365 [2026-06-03T17:38:56.218552] Downloaded python_buildpack (STDOUT, STG)#
#2026 06 03 17:39:04.704#Z#DEBUG#f80b5a63-5f72-11f1-9dec-eeee0a8a2953.employee-sal-srv#flowable-async-job-executor-thread-831#
[PollStageAppStatusExecution] 0971a8b1-2973-49a6-8e8a-0bf7f7231365 [2026-06-03T17:38:56.218574] Downloading sap_java_buildpack_jakarta_2_59... (STDOUT, STG)#
#2026 06 03 17:39:04.704#Z#DEBUG#f80b5a63-5f72-11f1-9dec-eeee0a8a2953.employee-sal-srv#flowable-async-job-executor-thread-831#
[PollStageAppStatusExecution] 0971a8b1-2973-49a6-8e8a-0bf7f7231365 [2026-06-03T17:38:56.219358] Downloaded nodejs_buildpack (STDOUT, STG)#
#2026 06 03 17:39:04.704#Z#DEBUG#f80b5a63-5f72-11f1-9dec-eeee0a8a2953.employee-sal-srv#flowable-async-job-executor-thread-831#
[PollStageAppStatusExecution] 0971a8b1-2973-49a6-8e8a-0bf7f7231365 [2026-06-03T17:38:56.219380] Downloading php_buildpack... (STDOUT, STG)#
#2026 06 03 17:39:04.704#Z#DEBUG#f80b5a63-5f72-11f1-9dec-eeee0a8a2953.employee-sal-srv#flowable-async-job-executor-thread-831#
[PollStageAppStatusExecution] 0971a8b1-2973-49a6-8e8a-0bf7f7231365 [2026-06-03T17:38:56.223649] Downloaded java_buildpack (STDOUT, STG)#
#2026 06 03 17:39:04.704#Z#DEBUG#f80b5a63-5f72-11f1-9dec-eeee0a8a2953.employee-sal-srv#flowable-async-job-executor-thread-831#
[PollStageAppStatusExecution] 0971a8b1-2973-49a6-8e8a-0bf7f7231365 [2026-06-03T17:38:56.223671] Downloading sap_java_buildpack_jakarta_2_58... (STDOUT, STG)#
#2026 06 03 17:39:04.704#Z#DEBUG#f80b5a63-5f72-11f1-9dec-eeee0a8a2953.employee-sal-srv#flowable-async-job-executor-thread-831#
[PollStageAppStatusExecution] 0971a8b1-2973-49a6-8e8a-0bf7f7231365 [2026-06-03T17:38:56.238508] Downloaded go_buildpack (STDOUT, STG)#
#2026 06 03 17:39:04.704#Z#DEBUG#f80b5a63-5f72-11f1-9dec-eeee0a8a2953.employee-sal-srv#flowable-async-job-executor-thread-831#
[PollStageAppStatusExecution] 0971a8b1-2973-49a6-8e8a-0bf7f7231365 [2026-06-03T17:38:56.238545] Downloading sap_java_buildpack_jakarta_2_56... (STDOUT, STG)#
#2026 06 03 17:39:04.704#Z#DEBUG#f80b5a63-5f72-11f1-9dec-eeee0a8a2953.employee-sal-srv#flowable-async-job-executor-thread-831#
[PollStageAppStatusExecution] 0971a8b1-2973-49a6-8e8a-0bf7f7231365 [2026-06-03T17:38:56.238702] Downloaded staticfile_buildpack (STDOUT, STG)#
#2026 06 03 17:39:04.704#Z#DEBUG#f80b5a63-5f72-11f1-9dec-eeee0a8a2953.employee-sal-srv#flowable-async-job-executor-thread-831#
[PollStageAppStatusExecution] 0971a8b1-2973-49a6-8e8a-0bf7f7231365 [2026-06-03T17:38:56.238719] Downloading nginx_buildpack... (STDOUT, STG)#
#2026 06 03 17:39:04.704#Z#DEBUG#f80b5a63-5f72-11f1-9dec-eeee0a8a2953.employee-sal-srv#flowable-async-job-executor-thread-831#
[PollStageAppStatusExecution] 0971a8b1-2973-49a6-8e8a-0bf7f7231365 [2026-06-03T17:38:56.239485] Downloaded php_buildpack (STDOUT, STG)#
#2026 06 03 17:39:04.704#Z#DEBUG#f80b5a63-5f72-11f1-9dec-eeee0a8a2953.employee-sal-srv#flowable-async-job-executor-thread-831#
[PollStageAppStatusExecution] 0971a8b1-2973-49a6-8e8a-0bf7f7231365 [2026-06-03T17:38:56.239545] Downloading binary_buildpack... (STDOUT, STG)#
#2026 06 03 17:39:04.704#Z#DEBUG#f80b5a63-5f72-11f1-9dec-eeee0a8a2953.employee-sal-srv#flowable-async-job-executor-thread-831#
[PollStageAppStatusExecution] 0971a8b1-2973-49a6-8e8a-0bf7f7231365 [2026-06-03T17:38:56.244970] Downloaded sap_java_buildpack_jakarta_2_58 (STDOUT, STG)#
#2026 06 03 17:39:04.704#Z#DEBUG#f80b5a63-5f72-11f1-9dec-eeee0a8a2953.employee-sal-srv#flowable-async-job-executor-thread-831#
[PollStageAppStatusExecution] 0971a8b1-2973-49a6-8e8a-0bf7f7231365 [2026-06-03T17:38:56.244993] Downloading zero_trust_sidecar_buildpack_1_14... (STDOUT, STG)#
#2026 06 03 17:39:04.704#Z#DEBUG#f80b5a63-5f72-11f1-9dec-eeee0a8a2953.employee-sal-srv#flowable-async-job-executor-thread-831#
[PollStageAppStatusExecution] 0971a8b1-2973-49a6-8e8a-0bf7f7231365 [2026-06-03T17:38:56.250666] Downloaded sap_java_buildpack_jakarta_2_59 (STDOUT, STG)#
#2026 06 03 17:39:04.704#Z#DEBUG#f80b5a63-5f72-11f1-9dec-eeee0a8a2953.employee-sal-srv#flowable-async-job-executor-thread-831#
[PollStageAppStatusExecution] 0971a8b1-2973-49a6-8e8a-0bf7f7231365 [2026-06-03T17:38:56.250689] Downloading java_buildpack_v5_preview... (STDOUT, STG)#
#2026 06 03 17:39:04.704#Z#DEBUG#f80b5a63-5f72-11f1-9dec-eeee0a8a2953.employee-sal-srv#flowable-async-job-executor-thread-831#
[PollStageAppStatusExecution] 0971a8b1-2973-49a6-8e8a-0bf7f7231365 [2026-06-03T17:38:56.261329] Downloaded nginx_buildpack (STDOUT, STG)#
#2026 06 03 17:39:04.704#Z#DEBUG#f80b5a63-5f72-11f1-9dec-eeee0a8a2953.employee-sal-srv#flowable-async-job-executor-thread-831#
[PollStageAppStatusExecution] 0971a8b1-2973-49a6-8e8a-0bf7f7231365 [2026-06-03T17:38:56.261354] Downloading sap_java_buildpack_jakarta... (STDOUT, STG)#
#2026 06 03 17:39:04.704#Z#DEBUG#f80b5a63-5f72-11f1-9dec-eeee0a8a2953.employee-sal-srv#flowable-async-job-executor-thread-831#
[PollStageAppStatusExecution] 0971a8b1-2973-49a6-8e8a-0bf7f7231365 [2026-06-03T17:38:56.264107] Downloaded binary_buildpack (STDOUT, STG)#
#2026 06 03 17:39:04.704#Z#DEBUG#f80b5a63-5f72-11f1-9dec-eeee0a8a2953.employee-sal-srv#flowable-async-job-executor-thread-831#
[PollStageAppStatusExecution] 0971a8b1-2973-49a6-8e8a-0bf7f7231365 [2026-06-03T17:38:56.264133] Downloading zero_trust_sidecar_buildpack_1_15... (STDOUT, STG)#
#2026 06 03 17:39:04.704#Z#DEBUG#f80b5a63-5f72-11f1-9dec-eeee0a8a2953.employee-sal-srv#flowable-async-job-executor-thread-831#
[PollStageAppStatusExecution] 0971a8b1-2973-49a6-8e8a-0bf7f7231365 [2026-06-03T17:38:56.265576] Downloaded sap_java_buildpack_jakarta_2_56 (STDOUT, STG)#
#2026 06 03 17:39:04.704#Z#DEBUG#f80b5a63-5f72-11f1-9dec-eeee0a8a2953.employee-sal-srv#flowable-async-job-executor-thread-831#
[PollStageAppStatusExecution] 0971a8b1-2973-49a6-8e8a-0bf7f7231365 [2026-06-03T17:38:56.265596] Downloading zero_trust_sidecar_buildpack... (STDOUT, STG)#
#2026 06 03 17:39:04.704#Z#DEBUG#f80b5a63-5f72-11f1-9dec-eeee0a8a2953.employee-sal-srv#flowable-async-job-executor-thread-831#
[PollStageAppStatusExecution] 0971a8b1-2973-49a6-8e8a-0bf7f7231365 [2026-06-03T17:38:56.272104] Downloaded zero_trust_sidecar_buildpack_1_14 (STDOUT, STG)#
#2026 06 03 17:39:04.704#Z#DEBUG#f80b5a63-5f72-11f1-9dec-eeee0a8a2953.employee-sal-srv#flowable-async-job-executor-thread-831#
[PollStageAppStatusExecution] 0971a8b1-2973-49a6-8e8a-0bf7f7231365 [2026-06-03T17:38:56.272109] Downloaded java_buildpack_v5_preview (STDOUT, STG)#
#2026 06 03 17:39:04.704#Z#DEBUG#f80b5a63-5f72-11f1-9dec-eeee0a8a2953.employee-sal-srv#flowable-async-job-executor-thread-831#
[PollStageAppStatusExecution] 0971a8b1-2973-49a6-8e8a-0bf7f7231365 [2026-06-03T17:38:56.278869] Downloaded sap_java_buildpack_jakarta (STDOUT, STG)#
#2026 06 03 17:39:04.704#Z#DEBUG#f80b5a63-5f72-11f1-9dec-eeee0a8a2953.employee-sal-srv#flowable-async-job-executor-thread-831#
[PollStageAppStatusExecution] 0971a8b1-2973-49a6-8e8a-0bf7f7231365 [2026-06-03T17:38:56.280537] Downloaded zero_trust_sidecar_buildpack_1_15 (STDOUT, STG)#
#2026 06 03 17:39:04.704#Z#DEBUG#f80b5a63-5f72-11f1-9dec-eeee0a8a2953.employee-sal-srv#flowable-async-job-executor-thread-831#
[PollStageAppStatusExecution] 0971a8b1-2973-49a6-8e8a-0bf7f7231365 [2026-06-03T17:38:56.284856] Downloaded zero_trust_sidecar_buildpack (STDOUT, STG)#
#2026 06 03 17:39:04.704#Z#DEBUG#f80b5a63-5f72-11f1-9dec-eeee0a8a2953.employee-sal-srv#flowable-async-job-executor-thread-831#
[PollStageAppStatusExecution] 0971a8b1-2973-49a6-8e8a-0bf7f7231365 [2026-06-03T17:38:56.284922] Cell 1ea14514-f0fe-461c-9aa9-a53bbe093b00 creating container for instance 157c4d48-bd71-4f39-b322-a68382ddf2c6 (STDOUT, STG)#
#2026 06 03 17:39:04.704#Z#DEBUG#f80b5a63-5f72-11f1-9dec-eeee0a8a2953.employee-sal-srv#flowable-async-job-executor-thread-831#
[PollStageAppStatusExecution] 0971a8b1-2973-49a6-8e8a-0bf7f7231365 [2026-06-03T17:38:57.114813] Security group rules were updated (STDOUT, STG)#
#2026 06 03 17:39:04.704#Z#DEBUG#f80b5a63-5f72-11f1-9dec-eeee0a8a2953.employee-sal-srv#flowable-async-job-executor-thread-831#
[PollStageAppStatusExecution] 0971a8b1-2973-49a6-8e8a-0bf7f7231365 [2026-06-03T17:38:57.246576] Cell 1ea14514-f0fe-461c-9aa9-a53bbe093b00 successfully created container for instance 157c4d48-bd71-4f39-b322-a68382ddf2c6 (STDOUT, STG)#
#2026 06 03 17:39:04.704#Z#DEBUG#f80b5a63-5f72-11f1-9dec-eeee0a8a2953.employee-sal-srv#flowable-async-job-executor-thread-831#
[PollStageAppStatusExecution] 0971a8b1-2973-49a6-8e8a-0bf7f7231365 [2026-06-03T17:38:58.301437] Downloading app package... (STDOUT, STG)#
#2026 06 03 17:39:04.704#Z#DEBUG#f80b5a63-5f72-11f1-9dec-eeee0a8a2953.employee-sal-srv#flowable-async-job-executor-thread-831#
[PollStageAppStatusExecution] 0971a8b1-2973-49a6-8e8a-0bf7f7231365 [2026-06-03T17:38:58.301797] Downloading build artifacts cache... (STDOUT, STG)#
#2026 06 03 17:39:04.704#Z#DEBUG#f80b5a63-5f72-11f1-9dec-eeee0a8a2953.employee-sal-srv#flowable-async-job-executor-thread-831#
[PollStageAppStatusExecution] 0971a8b1-2973-49a6-8e8a-0bf7f7231365 [2026-06-03T17:38:58.364737] Downloaded build artifacts cache (225B) (STDOUT, STG)#
#2026 06 03 17:39:04.704#Z#DEBUG#f80b5a63-5f72-11f1-9dec-eeee0a8a2953.employee-sal-srv#flowable-async-job-executor-thread-831#
[PollStageAppStatusExecution] 0971a8b1-2973-49a6-8e8a-0bf7f7231365 [2026-06-03T17:38:59.825012] Downloaded app package (7M) (STDOUT, STG)#
#2026 06 03 17:39:04.704#Z#DEBUG#f80b5a63-5f72-11f1-9dec-eeee0a8a2953.employee-sal-srv#flowable-async-job-executor-thread-831#
[PollStageAppStatusExecution] 0971a8b1-2973-49a6-8e8a-0bf7f7231365 [2026-06-03T17:39:00.682709] -----> Nodejs Buildpack version 1.8.44 (STDOUT, STG)#
#2026 06 03 17:39:04.704#Z#DEBUG#f80b5a63-5f72-11f1-9dec-eeee0a8a2953.employee-sal-srv#flowable-async-job-executor-thread-831#
[PollStageAppStatusExecution] 0971a8b1-2973-49a6-8e8a-0bf7f7231365 [2026-06-03T17:39:01.117801] -----> Bootstrapping python (STDOUT, STG)#
#2026 06 03 17:39:04.704#Z#DEBUG#f80b5a63-5f72-11f1-9dec-eeee0a8a2953.employee-sal-srv#flowable-async-job-executor-thread-831#
[PollStageAppStatusExecution] 0971a8b1-2973-49a6-8e8a-0bf7f7231365 [2026-06-03T17:39:01.118037] -----> Installing python 3.11.14 (STDOUT, STG)#
#2026 06 03 17:39:04.704#Z#DEBUG#f80b5a63-5f72-11f1-9dec-eeee0a8a2953.employee-sal-srv#flowable-async-job-executor-thread-831#
[PollStageAppStatusExecution] 0971a8b1-2973-49a6-8e8a-0bf7f7231365 [2026-06-03T17:39:01.118210] Copy [/tmp/buildpacks/ee597f2be8090397/dependencies/b5e0345ae0ae1932e7d56fffaa49a487/python_3.11.14_linux_x64_cflinuxfs4_66f53248.tgz] (STDOUT, STG)#
#2026 06 03 17:39:14.641#Z#DEBUG#f80b5a63-5f72-11f1-9dec-eeee0a8a2953.employee-sal-srv#flowable-async-job-executor-thread-838#
[PollStageAppStatusExecution] 0971a8b1-2973-49a6-8e8a-0bf7f7231365 [2026-06-03T17:39:06.365255] -----> Installing binaries (STDOUT, STG)#
#2026 06 03 17:39:14.641#Z#DEBUG#f80b5a63-5f72-11f1-9dec-eeee0a8a2953.employee-sal-srv#flowable-async-job-executor-thread-838#
[PollStageAppStatusExecution] 0971a8b1-2973-49a6-8e8a-0bf7f7231365 [2026-06-03T17:39:06.365426] engines.node (package.json): >=20 (STDOUT, STG)#
#2026 06 03 17:39:14.641#Z#DEBUG#f80b5a63-5f72-11f1-9dec-eeee0a8a2953.employee-sal-srv#flowable-async-job-executor-thread-838#
[PollStageAppStatusExecution] 0971a8b1-2973-49a6-8e8a-0bf7f7231365 [2026-06-03T17:39:06.365436] engines.npm (package.json): unspecified (use default) (STDOUT, STG)#
#2026 06 03 17:39:14.641#Z#DEBUG#f80b5a63-5f72-11f1-9dec-eeee0a8a2953.employee-sal-srv#flowable-async-job-executor-thread-838#
[PollStageAppStatusExecution] 0971a8b1-2973-49a6-8e8a-0bf7f7231365 [2026-06-03T17:39:06.365506] [31;1m**WARNING**[0m Dangerous semver range (>) in engines.node. See: http://docs.cloudfoundry.org/buildpacks/node/node-tips.html (STDOUT, STG)#
#2026 06 03 17:39:14.641#Z#DEBUG#f80b5a63-5f72-11f1-9dec-eeee0a8a2953.employee-sal-srv#flowable-async-job-executor-thread-838#
[PollStageAppStatusExecution] 0971a8b1-2973-49a6-8e8a-0bf7f7231365 [2026-06-03T17:39:06.365559] -----> Installing node 24.13.0 (STDOUT, STG)#
#2026 06 03 17:39:14.641#Z#DEBUG#f80b5a63-5f72-11f1-9dec-eeee0a8a2953.employee-sal-srv#flowable-async-job-executor-thread-838#
[PollStageAppStatusExecution] 0971a8b1-2973-49a6-8e8a-0bf7f7231365 [2026-06-03T17:39:06.365752] Copy [/tmp/buildpacks/ee597f2be8090397/dependencies/2f5692219fecc3eee6e6d507a6bfe7b9/node_24.13.0_linux_x64_cflinuxfs4_a816dee1.tgz] (STDOUT, STG)#
#2026 06 03 17:39:14.641#Z#DEBUG#f80b5a63-5f72-11f1-9dec-eeee0a8a2953.employee-sal-srv#flowable-async-job-executor-thread-838#
[PollStageAppStatusExecution] 0971a8b1-2973-49a6-8e8a-0bf7f7231365 [2026-06-03T17:39:09.547575] Using default npm version: 11.6.2 (STDOUT, STG)#
#2026 06 03 17:39:14.641#Z#DEBUG#f80b5a63-5f72-11f1-9dec-eeee0a8a2953.employee-sal-srv#flowable-async-job-executor-thread-838#
[PollStageAppStatusExecution] 0971a8b1-2973-49a6-8e8a-0bf7f7231365 [2026-06-03T17:39:09.547594] -----> Installing yarn 1.22.22 (STDOUT, STG)#
#2026 06 03 17:39:14.641#Z#DEBUG#f80b5a63-5f72-11f1-9dec-eeee0a8a2953.employee-sal-srv#flowable-async-job-executor-thread-838#
[PollStageAppStatusExecution] 0971a8b1-2973-49a6-8e8a-0bf7f7231365 [2026-06-03T17:39:09.547772] Copy [/tmp/buildpacks/ee597f2be8090397/dependencies/e3a39aedd1236924d69cc2d0637a8ed2/yarn_1.22.22_linux_noarch_any-stack_4911d0a6.tgz] (STDOUT, STG)#
#2026 06 03 17:39:14.641#Z#DEBUG#f80b5a63-5f72-11f1-9dec-eeee0a8a2953.employee-sal-srv#flowable-async-job-executor-thread-838#
[PollStageAppStatusExecution] 0971a8b1-2973-49a6-8e8a-0bf7f7231365 [2026-06-03T17:39:09.950693] Installed yarn 1.22.22 (STDOUT, STG)#
#2026 06 03 17:39:14.641#Z#DEBUG#f80b5a63-5f72-11f1-9dec-eeee0a8a2953.employee-sal-srv#flowable-async-job-executor-thread-838#
[PollStageAppStatusExecution] 0971a8b1-2973-49a6-8e8a-0bf7f7231365 [2026-06-03T17:39:09.950714] -----> Creating runtime environment (STDOUT, STG)#
#2026 06 03 17:39:14.641#Z#DEBUG#f80b5a63-5f72-11f1-9dec-eeee0a8a2953.employee-sal-srv#flowable-async-job-executor-thread-838#
[PollStageAppStatusExecution] 0971a8b1-2973-49a6-8e8a-0bf7f7231365 [2026-06-03T17:39:09.952910] NODE_ENV=production (STDOUT, STG)#
#2026 06 03 17:39:14.641#Z#DEBUG#f80b5a63-5f72-11f1-9dec-eeee0a8a2953.employee-sal-srv#flowable-async-job-executor-thread-838#
[PollStageAppStatusExecution] 0971a8b1-2973-49a6-8e8a-0bf7f7231365 [2026-06-03T17:39:09.952927] NODE_HOME=/tmp/contents2898331578/deps/0/node (STDOUT, STG)#
#2026 06 03 17:39:14.641#Z#DEBUG#f80b5a63-5f72-11f1-9dec-eeee0a8a2953.employee-sal-srv#flowable-async-job-executor-thread-838#
[PollStageAppStatusExecution] 0971a8b1-2973-49a6-8e8a-0bf7f7231365 [2026-06-03T17:39:09.952932] NODE_MODULES_CACHE=true (STDOUT, STG)#
#2026 06 03 17:39:14.641#Z#DEBUG#f80b5a63-5f72-11f1-9dec-eeee0a8a2953.employee-sal-srv#flowable-async-job-executor-thread-838#
[PollStageAppStatusExecution] 0971a8b1-2973-49a6-8e8a-0bf7f7231365 [2026-06-03T17:39:09.952935] NODE_VERBOSE=false (STDOUT, STG)#
#2026 06 03 17:39:14.641#Z#DEBUG#f80b5a63-5f72-11f1-9dec-eeee0a8a2953.employee-sal-srv#flowable-async-job-executor-thread-838#
[PollStageAppStatusExecution] 0971a8b1-2973-49a6-8e8a-0bf7f7231365 [2026-06-03T17:39:09.952949] NPM_CONFIG_LOGLEVEL=error (STDOUT, STG)#
#2026 06 03 17:39:14.641#Z#DEBUG#f80b5a63-5f72-11f1-9dec-eeee0a8a2953.employee-sal-srv#flowable-async-job-executor-thread-838#
[PollStageAppStatusExecution] 0971a8b1-2973-49a6-8e8a-0bf7f7231365 [2026-06-03T17:39:09.952953] NPM_CONFIG_PRODUCTION=true (STDOUT, STG)#
#2026 06 03 17:39:14.641#Z#DEBUG#f80b5a63-5f72-11f1-9dec-eeee0a8a2953.employee-sal-srv#flowable-async-job-executor-thread-838#
[PollStageAppStatusExecution] 0971a8b1-2973-49a6-8e8a-0bf7f7231365 [2026-06-03T17:39:09.953016] -----> Building dependencies (STDOUT, STG)#
#2026 06 03 17:39:14.641#Z#DEBUG#f80b5a63-5f72-11f1-9dec-eeee0a8a2953.employee-sal-srv#flowable-async-job-executor-thread-838#
[PollStageAppStatusExecution] 0971a8b1-2973-49a6-8e8a-0bf7f7231365 [2026-06-03T17:39:09.953033] Prebuild detected (node_modules already exists) (STDOUT, STG)#
#2026 06 03 17:39:14.641#Z#DEBUG#f80b5a63-5f72-11f1-9dec-eeee0a8a2953.employee-sal-srv#flowable-async-job-executor-thread-838#
[PollStageAppStatusExecution] 0971a8b1-2973-49a6-8e8a-0bf7f7231365 [2026-06-03T17:39:09.953140] Rebuilding any native modules (STDOUT, STG)#
#2026 06 03 17:39:14.641#Z#DEBUG#f80b5a63-5f72-11f1-9dec-eeee0a8a2953.employee-sal-srv#flowable-async-job-executor-thread-838#
[PollStageAppStatusExecution] 0971a8b1-2973-49a6-8e8a-0bf7f7231365 [2026-06-03T17:39:10.842447] rebuilt dependencies successfully (STDOUT, STG)#
#2026 06 03 17:39:14.641#Z#DEBUG#f80b5a63-5f72-11f1-9dec-eeee0a8a2953.employee-sal-srv#flowable-async-job-executor-thread-838#
[PollStageAppStatusExecution] 0971a8b1-2973-49a6-8e8a-0bf7f7231365 [2026-06-03T17:39:10.844459] npm notice (STDOUT, STG)#
#2026 06 03 17:39:14.641#Z#DEBUG#f80b5a63-5f72-11f1-9dec-eeee0a8a2953.employee-sal-srv#flowable-async-job-executor-thread-838#
[PollStageAppStatusExecution] 0971a8b1-2973-49a6-8e8a-0bf7f7231365 [2026-06-03T17:39:10.844476] npm notice New minor version of npm available! 11.6.2 -> 11.16.0 (STDOUT, STG)#
#2026 06 03 17:39:14.641#Z#DEBUG#f80b5a63-5f72-11f1-9dec-eeee0a8a2953.employee-sal-srv#flowable-async-job-executor-thread-838#
[PollStageAppStatusExecution] 0971a8b1-2973-49a6-8e8a-0bf7f7231365 [2026-06-03T17:39:10.844484] npm notice Changelog: https://github.com/npm/cli/releases/tag/v11.16.0 (STDOUT, STG)#
#2026 06 03 17:39:14.641#Z#DEBUG#f80b5a63-5f72-11f1-9dec-eeee0a8a2953.employee-sal-srv#flowable-async-job-executor-thread-838#
[PollStageAppStatusExecution] 0971a8b1-2973-49a6-8e8a-0bf7f7231365 [2026-06-03T17:39:10.844489] npm notice To update run: npm install -g npm@11.16.0 (STDOUT, STG)#
#2026 06 03 17:39:14.641#Z#DEBUG#f80b5a63-5f72-11f1-9dec-eeee0a8a2953.employee-sal-srv#flowable-async-job-executor-thread-838#
[PollStageAppStatusExecution] 0971a8b1-2973-49a6-8e8a-0bf7f7231365 [2026-06-03T17:39:10.844494] npm notice (STDOUT, STG)#
#2026 06 03 17:39:14.641#Z#DEBUG#f80b5a63-5f72-11f1-9dec-eeee0a8a2953.employee-sal-srv#flowable-async-job-executor-thread-838#
[PollStageAppStatusExecution] 0971a8b1-2973-49a6-8e8a-0bf7f7231365 [2026-06-03T17:39:10.922432] Installing any new modules (package.json + package-lock.json) (STDOUT, STG)#
#2026 06 03 17:39:14.641#Z#DEBUG#f80b5a63-5f72-11f1-9dec-eeee0a8a2953.employee-sal-srv#flowable-async-job-executor-thread-838#
[PollStageAppStatusExecution] 0971a8b1-2973-49a6-8e8a-0bf7f7231365 [2026-06-03T17:39:11.983405] removed 13 packages in 974ms (STDOUT, STG)#
#2026 06 03 17:39:14.641#Z#DEBUG#f80b5a63-5f72-11f1-9dec-eeee0a8a2953.employee-sal-srv#flowable-async-job-executor-thread-838#
[PollStageAppStatusExecution] 0971a8b1-2973-49a6-8e8a-0bf7f7231365 [2026-06-03T17:39:11.983809] 27 packages are looking for funding (STDOUT, STG)#
#2026 06 03 17:39:14.641#Z#DEBUG#f80b5a63-5f72-11f1-9dec-eeee0a8a2953.employee-sal-srv#flowable-async-job-executor-thread-838#
[PollStageAppStatusExecution] 0971a8b1-2973-49a6-8e8a-0bf7f7231365 [2026-06-03T17:39:11.983886] run `npm fund` for details (STDOUT, STG)#
#2026 06 03 17:39:14.641#Z#DEBUG#f80b5a63-5f72-11f1-9dec-eeee0a8a2953.employee-sal-srv#flowable-async-job-executor-thread-838#
[PollStageAppStatusExecution] 0971a8b1-2973-49a6-8e8a-0bf7f7231365 [2026-06-03T17:39:13.065373] Contrast Security no credentials found. Will not write environment files. (STDOUT, STG)#
#2026 06 03 17:39:34.803#Z#DEBUG#f80b5a63-5f72-11f1-9dec-eeee0a8a2953.employee-sal-srv#flowable-async-job-executor-thread-295#
[PollStageAppStatusExecution] 0971a8b1-2973-49a6-8e8a-0bf7f7231365 [2026-06-03T17:39:27.216938] Exit status 0 (STDOUT, STG)#
#2026 06 03 17:39:34.803#Z#DEBUG#f80b5a63-5f72-11f1-9dec-eeee0a8a2953.employee-sal-srv#flowable-async-job-executor-thread-295#
[PollStageAppStatusExecution] 0971a8b1-2973-49a6-8e8a-0bf7f7231365 [2026-06-03T17:39:27.216971] Uploading droplet, build artifacts cache... (STDOUT, STG)#
#2026 06 03 17:39:34.803#Z#DEBUG#f80b5a63-5f72-11f1-9dec-eeee0a8a2953.employee-sal-srv#flowable-async-job-executor-thread-295#
[PollStageAppStatusExecution] 0971a8b1-2973-49a6-8e8a-0bf7f7231365 [2026-06-03T17:39:27.217007] Uploading droplet... (STDOUT, STG)#
#2026 06 03 17:39:34.803#Z#DEBUG#f80b5a63-5f72-11f1-9dec-eeee0a8a2953.employee-sal-srv#flowable-async-job-executor-thread-295#
[PollStageAppStatusExecution] 0971a8b1-2973-49a6-8e8a-0bf7f7231365 [2026-06-03T17:39:27.217299] Uploading build artifacts cache... (STDOUT, STG)#
#2026 06 03 17:39:34.803#Z#DEBUG#f80b5a63-5f72-11f1-9dec-eeee0a8a2953.employee-sal-srv#flowable-async-job-executor-thread-295#
[PollStageAppStatusExecution] 0971a8b1-2973-49a6-8e8a-0bf7f7231365 [2026-06-03T17:39:27.257856] Uploaded build artifacts cache (228B) (STDOUT, STG)#
#2026 06 03 17:39:34.803#Z#DEBUG#f80b5a63-5f72-11f1-9dec-eeee0a8a2953.employee-sal-srv#flowable-async-job-executor-thread-295#
[PollStageAppStatusExecution] 0971a8b1-2973-49a6-8e8a-0bf7f7231365 [2026-06-03T17:39:28.172880] Creating droplet for app with guid 0971a8b1-2973-49a6-8e8a-0bf7f7231365 (STDOUT, API)#
#2026 06 03 17:39:34.803#Z#DEBUG#f80b5a63-5f72-11f1-9dec-eeee0a8a2953.employee-sal-srv#flowable-async-job-executor-thread-295#
[PollStageAppStatusExecution] 0971a8b1-2973-49a6-8e8a-0bf7f7231365 [2026-06-03T17:39:31.254034] Uploaded droplet (60.3M) (STDOUT, STG)#
#2026 06 03 17:39:34.803#Z#DEBUG#f80b5a63-5f72-11f1-9dec-eeee0a8a2953.employee-sal-srv#flowable-async-job-executor-thread-295#
[PollStageAppStatusExecution] 0971a8b1-2973-49a6-8e8a-0bf7f7231365 [2026-06-03T17:39:31.288655] Uploading complete (STDOUT, STG)#
#2026 06 03 17:39:34.803#Z#DEBUG#f80b5a63-5f72-11f1-9dec-eeee0a8a2953.employee-sal-srv#flowable-async-job-executor-thread-295#
[PollStageAppStatusExecution] 0971a8b1-2973-49a6-8e8a-0bf7f7231365 [2026-06-03T17:39:32.063696] Cell 1ea14514-f0fe-461c-9aa9-a53bbe093b00 stopping instance 157c4d48-bd71-4f39-b322-a68382ddf2c6 (STDOUT, STG)#
#2026 06 03 17:39:34.803#Z#DEBUG#f80b5a63-5f72-11f1-9dec-eeee0a8a2953.employee-sal-srv#flowable-async-job-executor-thread-295#
[PollStageAppStatusExecution] 0971a8b1-2973-49a6-8e8a-0bf7f7231365 [2026-06-03T17:39:32.063736] Cell 1ea14514-f0fe-461c-9aa9-a53bbe093b00 destroying container for instance 157c4d48-bd71-4f39-b322-a68382ddf2c6 (STDOUT, STG)#
#2026 06 03 17:39:34.803#Z#DEBUG#f80b5a63-5f72-11f1-9dec-eeee0a8a2953.employee-sal-srv#flowable-async-job-executor-thread-295#
[PollStageAppStatusExecution] 0971a8b1-2973-49a6-8e8a-0bf7f7231365 [2026-06-03T17:39:32.155258] Staging complete for build 157c4d48-bd71-4f39-b322-a68382ddf2c6 (STDOUT, API)#
#2026 06 03 17:39:44.814#Z#DEBUG#f80b5a63-5f72-11f1-9dec-eeee0a8a2953.employee-sal-srv#flowable-async-job-executor-thread-852#
[PollStartAppStatusExecution] 0971a8b1-2973-49a6-8e8a-0bf7f7231365 [2026-06-03T17:39:34.898165] Updated app with guid 0971a8b1-2973-49a6-8e8a-0bf7f7231365 ({:droplet_guid=>"852893e9-44a0-4744-81b2-3f7c72f54456"}) (STDOUT, API)#
#2026 06 03 17:39:44.814#Z#DEBUG#f80b5a63-5f72-11f1-9dec-eeee0a8a2953.employee-sal-srv#flowable-async-job-executor-thread-852#
[PollStartAppStatusExecution] 0971a8b1-2973-49a6-8e8a-0bf7f7231365 [2026-06-03T17:39:35.204966] Creating revision for app with guid 0971a8b1-2973-49a6-8e8a-0bf7f7231365 (STDOUT, API)#
#2026 06 03 17:39:44.814#Z#DEBUG#f80b5a63-5f72-11f1-9dec-eeee0a8a2953.employee-sal-srv#flowable-async-job-executor-thread-852#
[PollStartAppStatusExecution] 0971a8b1-2973-49a6-8e8a-0bf7f7231365 [2026-06-03T17:39:35.260517] Starting app with guid 0971a8b1-2973-49a6-8e8a-0bf7f7231365 (STDOUT, API)#
#2026 06 03 17:39:44.814#Z#DEBUG#f80b5a63-5f72-11f1-9dec-eeee0a8a2953.employee-sal-srv#flowable-async-job-executor-thread-852#
[PollStartAppStatusExecution] 0971a8b1-2973-49a6-8e8a-0bf7f7231365 [2026-06-03T17:39:35.519872] Cell 3697da87-6170-41a4-acb7-9186f1527dfa creating container for instance cc7a1b9b-b7db-4fad-6236-168e (STDOUT, CELL)#
#2026 06 03 17:39:44.814#Z#DEBUG#f80b5a63-5f72-11f1-9dec-eeee0a8a2953.employee-sal-srv#flowable-async-job-executor-thread-852#
[PollStartAppStatusExecution] 0971a8b1-2973-49a6-8e8a-0bf7f7231365 [2026-06-03T17:39:35.902698] Cell 1ea14514-f0fe-461c-9aa9-a53bbe093b00 successfully destroyed container for instance 157c4d48-bd71-4f39-b322-a68382ddf2c6 (STDOUT, STG)#
#2026 06 03 17:39:44.814#Z#DEBUG#f80b5a63-5f72-11f1-9dec-eeee0a8a2953.employee-sal-srv#flowable-async-job-executor-thread-852#
[PollStartAppStatusExecution] 0971a8b1-2973-49a6-8e8a-0bf7f7231365 [2026-06-03T17:39:36.237553] Security group rules were updated (STDOUT, CELL)#
#2026 06 03 17:39:44.814#Z#DEBUG#f80b5a63-5f72-11f1-9dec-eeee0a8a2953.employee-sal-srv#flowable-async-job-executor-thread-852#
[PollStartAppStatusExecution] 0971a8b1-2973-49a6-8e8a-0bf7f7231365 [2026-06-03T17:39:36.335616] Cell 3697da87-6170-41a4-acb7-9186f1527dfa successfully created container for instance cc7a1b9b-b7db-4fad-6236-168e (STDOUT, CELL)#
#2026 06 03 17:39:44.814#Z#DEBUG#f80b5a63-5f72-11f1-9dec-eeee0a8a2953.employee-sal-srv#flowable-async-job-executor-thread-852#
[PollStartAppStatusExecution] 0971a8b1-2973-49a6-8e8a-0bf7f7231365 [2026-06-03T17:39:37.385053] Downloading droplet... (STDOUT, CELL)#
#2026 06 03 17:39:44.814#Z#DEBUG#f80b5a63-5f72-11f1-9dec-eeee0a8a2953.employee-sal-srv#flowable-async-job-executor-thread-852#
[PollStartAppStatusExecution] 0971a8b1-2973-49a6-8e8a-0bf7f7231365 [2026-06-03T17:39:41.990180] Downloaded droplet (60.3M) (STDOUT, CELL)#
#2026 06 03 17:39:44.814#Z#DEBUG#f80b5a63-5f72-11f1-9dec-eeee0a8a2953.employee-sal-srv#flowable-async-job-executor-thread-852#
[PollStartAppStatusExecution] 0971a8b1-2973-49a6-8e8a-0bf7f7231365 [2026-06-03T17:39:41.990283] Starting health monitoring of container (STDOUT, CELL)#
#2026 06 03 17:39:44.814#Z#DEBUG#f80b5a63-5f72-11f1-9dec-eeee0a8a2953.employee-sal-srv#flowable-async-job-executor-thread-852#
[PollStartAppStatusExecution] 0971a8b1-2973-49a6-8e8a-0bf7f7231365 [2026-06-03T17:39:42.109989] Invoking pre-start scripts. (STDOUT, APP/PROC/WEB)#
#2026 06 03 17:39:44.814#Z#DEBUG#f80b5a63-5f72-11f1-9dec-eeee0a8a2953.employee-sal-srv#flowable-async-job-executor-thread-852#
[PollStartAppStatusExecution] 0971a8b1-2973-49a6-8e8a-0bf7f7231365 [2026-06-03T17:39:42.355519] Invoking start command. (STDOUT, APP/PROC/WEB)#
#2026 06 03 17:39:44.814#Z#DEBUG#f80b5a63-5f72-11f1-9dec-eeee0a8a2953.employee-sal-srv#flowable-async-job-executor-thread-852#
[PollStartAppStatusExecution] 0971a8b1-2973-49a6-8e8a-0bf7f7231365 [2026-06-03T17:39:42.856496] > empsaldetails@1.0.0 start (STDOUT, APP/PROC/WEB)#
#2026 06 03 17:39:44.814#Z#DEBUG#f80b5a63-5f72-11f1-9dec-eeee0a8a2953.employee-sal-srv#flowable-async-job-executor-thread-852#
[PollStartAppStatusExecution] 0971a8b1-2973-49a6-8e8a-0bf7f7231365 [2026-06-03T17:39:42.856520] > cds-serve (STDOUT, APP/PROC/WEB)#
#2026 06 03 17:39:44.814#Z#DEBUG#f80b5a63-5f72-11f1-9dec-eeee0a8a2953.employee-sal-srv#flowable-async-job-executor-thread-852#
[PollStartAppStatusExecution] 0971a8b1-2973-49a6-8e8a-0bf7f7231365 [2026-06-03T17:39:43.214131] {"level":"info","logger":"cds","timestamp":"2026-06-03T17:39:43.212Z","layer":"cds","component_type":"application","container_id":"10.32.2.7","component_id":"0971a8b1-2973-49a6-8e8a-0bf7f7231365","component_name":"employee-sal-srv","component_instance":0,"source_instance":0,"organization_name":"4b4624aftrial","organization_id":"ad01a2b8-4d2a-484d-b7fa-3e9f30dccef1","space_name":"dev","space_id":"38b83465-43f6-4d88-83f2-f894fc82c03a","msg":"loaded model from 1 file(s):\n ","type":"log"} (STDOUT, APP/PROC/WEB)#
#2026 06 03 17:39:44.814#Z#DEBUG#f80b5a63-5f72-11f1-9dec-eeee0a8a2953.employee-sal-srv#flowable-async-job-executor-thread-852#
[PollStartAppStatusExecution] 0971a8b1-2973-49a6-8e8a-0bf7f7231365 [2026-06-03T17:39:43.214614] srv/csn.json (STDOUT, APP/PROC/WEB)#
#2026 06 03 17:39:44.814#Z#DEBUG#f80b5a63-5f72-11f1-9dec-eeee0a8a2953.employee-sal-srv#flowable-async-job-executor-thread-852#
[PollStartAppStatusExecution] 0971a8b1-2973-49a6-8e8a-0bf7f7231365 [2026-06-03T17:39:43.464172] {"level":"info","logger":"cds","timestamp":"2026-06-03T17:39:43.463Z","layer":"cds","component_type":"application","container_id":"10.32.2.7","component_id":"0971a8b1-2973-49a6-8e8a-0bf7f7231365","component_name":"employee-sal-srv","component_instance":0,"source_instance":0,"organization_name":"4b4624aftrial","organization_id":"ad01a2b8-4d2a-484d-b7fa-3e9f30dccef1","space_name":"dev","space_id":"38b83465-43f6-4d88-83f2-f894fc82c03a","msg":"connect to db > hana {\n  database_id: '25bee922-5c37-4180-a7be-366e74ca8905',\n  host: '25bee922-5c37-4180-a7be-366e74ca8905.hana.prod-ap21.hanacloud.ondemand.com',\n  port: '443',\n  driver: 'com.sap.db.jdbc.Driver',\n  url: 'jdbc:sap://25bee922-5c37-4180-a7be-366e74ca8905.hana.prod-ap21.hanacloud.ondemand.com:443?encrypt=true&validateCertificate=true&currentschema=72360EFF1396450E83AB41BF2BA78962',\n  schema: '72360EFF1396450E83AB41BF2BA78962',\n  certificate: '...',\n  hdi_user: '72360EFF1396450E83AB41BF2BA78962_7OO0CD99ZIM359FF5KSJ4WJ0R_DT',\n  hdi_password: '...',\n  user: '72360EFF1396450E83AB41BF2BA78962_7OO0CD99ZIM359FF5KSJ4WJ0R_RT',\n  password: '...'\n}","type":"log"} (STDOUT, APP/PROC/WEB)#
#2026 06 03 17:39:44.814#Z#DEBUG#f80b5a63-5f72-11f1-9dec-eeee0a8a2953.employee-sal-srv#flowable-async-job-executor-thread-852#
[PollStartAppStatusExecution] 0971a8b1-2973-49a6-8e8a-0bf7f7231365 [2026-06-03T17:39:43.496645] {"level":"info","logger":"cds","timestamp":"2026-06-03T17:39:43.496Z","layer":"cds","component_type":"application","container_id":"10.32.2.7","component_id":"0971a8b1-2973-49a6-8e8a-0bf7f7231365","component_name":"employee-sal-srv","component_instance":0,"source_instance":0,"organization_name":"4b4624aftrial","organization_id":"ad01a2b8-4d2a-484d-b7fa-3e9f30dccef1","space_name":"dev","space_id":"38b83465-43f6-4d88-83f2-f894fc82c03a","msg":"using auth strategy { kind: 'xsuaa' }","type":"log"} (STDOUT, APP/PROC/WEB)#
#2026 06 03 17:39:44.814#Z#DEBUG#f80b5a63-5f72-11f1-9dec-eeee0a8a2953.employee-sal-srv#flowable-async-job-executor-thread-852#
[PollStartAppStatusExecution] 0971a8b1-2973-49a6-8e8a-0bf7f7231365 [2026-06-03T17:39:43.557995] {"level":"info","logger":"cds","timestamp":"2026-06-03T17:39:43.557Z","layer":"cds","component_type":"application","container_id":"10.32.2.7","component_id":"0971a8b1-2973-49a6-8e8a-0bf7f7231365","component_name":"employee-sal-srv","component_instance":0,"source_instance":0,"organization_name":"4b4624aftrial","organization_id":"ad01a2b8-4d2a-484d-b7fa-3e9f30dccef1","space_name":"dev","space_id":"38b83465-43f6-4d88-83f2-f894fc82c03a","msg":"serving EmployeeService {\n  at: [ '/odata/v4/employee' ],\n  decl: 'srv/csn.json:78'\n}","type":"log"} (STDOUT, APP/PROC/WEB)#
#2026 06 03 17:39:44.814#Z#DEBUG#f80b5a63-5f72-11f1-9dec-eeee0a8a2953.employee-sal-srv#flowable-async-job-executor-thread-852#
[PollStartAppStatusExecution] 0971a8b1-2973-49a6-8e8a-0bf7f7231365 [2026-06-03T17:39:43.566313] {"level":"info","logger":"cds","timestamp":"2026-06-03T17:39:43.566Z","layer":"cds","component_type":"application","container_id":"10.32.2.7","component_id":"0971a8b1-2973-49a6-8e8a-0bf7f7231365","component_name":"employee-sal-srv","component_instance":0,"source_instance":0,"organization_name":"4b4624aftrial","organization_id":"ad01a2b8-4d2a-484d-b7fa-3e9f30dccef1","space_name":"dev","space_id":"38b83465-43f6-4d88-83f2-f894fc82c03a","msg":"server listening on { url: 'http://localhost:8080' }","type":"log"} (STDOUT, APP/PROC/WEB)#
#2026 06 03 17:39:44.814#Z#DEBUG#f80b5a63-5f72-11f1-9dec-eeee0a8a2953.employee-sal-srv#flowable-async-job-executor-thread-852#
[PollStartAppStatusExecution] 0971a8b1-2973-49a6-8e8a-0bf7f7231365 [2026-06-03T17:39:43.567766] {"level":"info","logger":"cds","timestamp":"2026-06-03T17:39:43.567Z","layer":"cds","component_type":"application","container_id":"10.32.2.7","component_id":"0971a8b1-2973-49a6-8e8a-0bf7f7231365","component_name":"employee-sal-srv","component_instance":0,"source_instance":0,"organization_name":"4b4624aftrial","organization_id":"ad01a2b8-4d2a-484d-b7fa-3e9f30dccef1","space_name":"dev","space_id":"38b83465-43f6-4d88-83f2-f894fc82c03a","msg":"server v9.9.1 launched in 701 ms","type":"log"} (STDOUT, APP/PROC/WEB)#
