#2026 06 03 17:38:54.619#Z#DEBUG#f80b5a63-5f72-11f1-9dec-eeee0a8a2953.empsaldetails#flowable-async-job-executor-thread-823#
[PollStageAppStatusExecution] 6a475b8d-f7cc-4a0a-96d8-d3fa312c74a8 [2026-06-03T17:38:15.406290] Added process: "web" (STDOUT, API)#
#2026 06 03 17:38:54.619#Z#DEBUG#f80b5a63-5f72-11f1-9dec-eeee0a8a2953.empsaldetails#flowable-async-job-executor-thread-823#
[PollStageAppStatusExecution] 6a475b8d-f7cc-4a0a-96d8-d3fa312c74a8 [2026-06-03T17:38:15.419540] Created app with guid 6a475b8d-f7cc-4a0a-96d8-d3fa312c74a8 (STDOUT, API)#
#2026 06 03 17:38:54.619#Z#DEBUG#f80b5a63-5f72-11f1-9dec-eeee0a8a2953.empsaldetails#flowable-async-job-executor-thread-823#
[PollStageAppStatusExecution] 6a475b8d-f7cc-4a0a-96d8-d3fa312c74a8 [2026-06-03T17:38:15.535018] Updating process: "web" (STDOUT, API)#
#2026 06 03 17:38:54.619#Z#DEBUG#f80b5a63-5f72-11f1-9dec-eeee0a8a2953.empsaldetails#flowable-async-job-executor-thread-823#
[PollStageAppStatusExecution] 6a475b8d-f7cc-4a0a-96d8-d3fa312c74a8 [2026-06-03T17:38:15.599971] Scaling process: "web" (STDOUT, API)#
#2026 06 03 17:38:54.619#Z#DEBUG#f80b5a63-5f72-11f1-9dec-eeee0a8a2953.empsaldetails#flowable-async-job-executor-thread-823#
[PollStageAppStatusExecution] 6a475b8d-f7cc-4a0a-96d8-d3fa312c74a8 [2026-06-03T17:38:34.581517] Uploading app package for app with guid 6a475b8d-f7cc-4a0a-96d8-d3fa312c74a8 (STDOUT, API)#
#2026 06 03 17:38:54.619#Z#DEBUG#f80b5a63-5f72-11f1-9dec-eeee0a8a2953.empsaldetails#flowable-async-job-executor-thread-823#
[PollStageAppStatusExecution] 6a475b8d-f7cc-4a0a-96d8-d3fa312c74a8 [2026-06-03T17:38:34.822824] Updated app with guid 6a475b8d-f7cc-4a0a-96d8-d3fa312c74a8 ({"environment_variables"=>"[PRIVATE DATA HIDDEN]"}) (STDOUT, API)#
#2026 06 03 17:38:54.619#Z#DEBUG#f80b5a63-5f72-11f1-9dec-eeee0a8a2953.empsaldetails#flowable-async-job-executor-thread-823#
[PollStageAppStatusExecution] 6a475b8d-f7cc-4a0a-96d8-d3fa312c74a8 [2026-06-03T17:38:44.805720] Creating build for app with guid 6a475b8d-f7cc-4a0a-96d8-d3fa312c74a8 (STDOUT, API)#
#2026 06 03 17:38:54.619#Z#DEBUG#f80b5a63-5f72-11f1-9dec-eeee0a8a2953.empsaldetails#flowable-async-job-executor-thread-823#
[PollStageAppStatusExecution] 6a475b8d-f7cc-4a0a-96d8-d3fa312c74a8 [2026-06-03T17:38:46.087614] Downloading zero_trust_sidecar_buildpack_1_16... (STDOUT, STG)#
#2026 06 03 17:38:54.619#Z#DEBUG#f80b5a63-5f72-11f1-9dec-eeee0a8a2953.empsaldetails#flowable-async-job-executor-thread-823#
[PollStageAppStatusExecution] 6a475b8d-f7cc-4a0a-96d8-d3fa312c74a8 [2026-06-03T17:38:46.087654] Downloading nginx_buildpack... (STDOUT, STG)#
#2026 06 03 17:38:54.619#Z#DEBUG#f80b5a63-5f72-11f1-9dec-eeee0a8a2953.empsaldetails#flowable-async-job-executor-thread-823#
[PollStageAppStatusExecution] 6a475b8d-f7cc-4a0a-96d8-d3fa312c74a8 [2026-06-03T17:38:46.087735] Downloading sap_java_buildpack_jakarta_2_58... (STDOUT, STG)#
#2026 06 03 17:38:54.619#Z#DEBUG#f80b5a63-5f72-11f1-9dec-eeee0a8a2953.empsaldetails#flowable-async-job-executor-thread-823#
[PollStageAppStatusExecution] 6a475b8d-f7cc-4a0a-96d8-d3fa312c74a8 [2026-06-03T17:38:46.087865] Downloading java_buildpack_v5_preview... (STDOUT, STG)#
#2026 06 03 17:38:54.619#Z#DEBUG#f80b5a63-5f72-11f1-9dec-eeee0a8a2953.empsaldetails#flowable-async-job-executor-thread-823#
[PollStageAppStatusExecution] 6a475b8d-f7cc-4a0a-96d8-d3fa312c74a8 [2026-06-03T17:38:46.104640] Downloading zero_trust_sidecar_buildpack... (STDOUT, STG)#
#2026 06 03 17:38:54.619#Z#DEBUG#f80b5a63-5f72-11f1-9dec-eeee0a8a2953.empsaldetails#flowable-async-job-executor-thread-823#
[PollStageAppStatusExecution] 6a475b8d-f7cc-4a0a-96d8-d3fa312c74a8 [2026-06-03T17:38:46.114284] Downloaded nginx_buildpack (STDOUT, STG)#
#2026 06 03 17:38:54.619#Z#DEBUG#f80b5a63-5f72-11f1-9dec-eeee0a8a2953.empsaldetails#flowable-async-job-executor-thread-823#
[PollStageAppStatusExecution] 6a475b8d-f7cc-4a0a-96d8-d3fa312c74a8 [2026-06-03T17:38:46.114330] Downloading sap_java_buildpack_jakarta_2_56... (STDOUT, STG)#
#2026 06 03 17:38:54.619#Z#DEBUG#f80b5a63-5f72-11f1-9dec-eeee0a8a2953.empsaldetails#flowable-async-job-executor-thread-823#
[PollStageAppStatusExecution] 6a475b8d-f7cc-4a0a-96d8-d3fa312c74a8 [2026-06-03T17:38:46.115499] Downloaded zero_trust_sidecar_buildpack_1_16 (STDOUT, STG)#
#2026 06 03 17:38:54.619#Z#DEBUG#f80b5a63-5f72-11f1-9dec-eeee0a8a2953.empsaldetails#flowable-async-job-executor-thread-823#
[PollStageAppStatusExecution] 6a475b8d-f7cc-4a0a-96d8-d3fa312c74a8 [2026-06-03T17:38:46.115515] Downloading zero_trust_sidecar_buildpack_1_14... (STDOUT, STG)#
#2026 06 03 17:38:54.619#Z#DEBUG#f80b5a63-5f72-11f1-9dec-eeee0a8a2953.empsaldetails#flowable-async-job-executor-thread-823#
[PollStageAppStatusExecution] 6a475b8d-f7cc-4a0a-96d8-d3fa312c74a8 [2026-06-03T17:38:46.117046] Downloaded java_buildpack_v5_preview (STDOUT, STG)#
#2026 06 03 17:38:54.619#Z#DEBUG#f80b5a63-5f72-11f1-9dec-eeee0a8a2953.empsaldetails#flowable-async-job-executor-thread-823#
[PollStageAppStatusExecution] 6a475b8d-f7cc-4a0a-96d8-d3fa312c74a8 [2026-06-03T17:38:46.117060] Downloading zero_trust_sidecar_buildpack_1_15... (STDOUT, STG)#
#2026 06 03 17:38:54.619#Z#DEBUG#f80b5a63-5f72-11f1-9dec-eeee0a8a2953.empsaldetails#flowable-async-job-executor-thread-823#
[PollStageAppStatusExecution] 6a475b8d-f7cc-4a0a-96d8-d3fa312c74a8 [2026-06-03T17:38:46.117788] Downloaded sap_java_buildpack_jakarta_2_58 (STDOUT, STG)#
#2026 06 03 17:38:54.619#Z#DEBUG#f80b5a63-5f72-11f1-9dec-eeee0a8a2953.empsaldetails#flowable-async-job-executor-thread-823#
[PollStageAppStatusExecution] 6a475b8d-f7cc-4a0a-96d8-d3fa312c74a8 [2026-06-03T17:38:46.117804] Downloading binary_buildpack... (STDOUT, STG)#
#2026 06 03 17:38:54.619#Z#DEBUG#f80b5a63-5f72-11f1-9dec-eeee0a8a2953.empsaldetails#flowable-async-job-executor-thread-823#
[PollStageAppStatusExecution] 6a475b8d-f7cc-4a0a-96d8-d3fa312c74a8 [2026-06-03T17:38:46.124371] Downloaded zero_trust_sidecar_buildpack (STDOUT, STG)#
#2026 06 03 17:38:54.619#Z#DEBUG#f80b5a63-5f72-11f1-9dec-eeee0a8a2953.empsaldetails#flowable-async-job-executor-thread-823#
[PollStageAppStatusExecution] 6a475b8d-f7cc-4a0a-96d8-d3fa312c74a8 [2026-06-03T17:38:46.124440] Downloading sap_java_buildpack_jakarta... (STDOUT, STG)#
#2026 06 03 17:38:54.619#Z#DEBUG#f80b5a63-5f72-11f1-9dec-eeee0a8a2953.empsaldetails#flowable-async-job-executor-thread-823#
[PollStageAppStatusExecution] 6a475b8d-f7cc-4a0a-96d8-d3fa312c74a8 [2026-06-03T17:38:46.133651] Downloaded binary_buildpack (STDOUT, STG)#
#2026 06 03 17:38:54.619#Z#DEBUG#f80b5a63-5f72-11f1-9dec-eeee0a8a2953.empsaldetails#flowable-async-job-executor-thread-823#
[PollStageAppStatusExecution] 6a475b8d-f7cc-4a0a-96d8-d3fa312c74a8 [2026-06-03T17:38:46.133694] Downloading go_buildpack... (STDOUT, STG)#
#2026 06 03 17:38:54.619#Z#DEBUG#f80b5a63-5f72-11f1-9dec-eeee0a8a2953.empsaldetails#flowable-async-job-executor-thread-823#
[PollStageAppStatusExecution] 6a475b8d-f7cc-4a0a-96d8-d3fa312c74a8 [2026-06-03T17:38:46.133702] Downloaded zero_trust_sidecar_buildpack_1_14 (STDOUT, STG)#
#2026 06 03 17:38:54.619#Z#DEBUG#f80b5a63-5f72-11f1-9dec-eeee0a8a2953.empsaldetails#flowable-async-job-executor-thread-823#
[PollStageAppStatusExecution] 6a475b8d-f7cc-4a0a-96d8-d3fa312c74a8 [2026-06-03T17:38:46.133743] Downloading staticfile_buildpack... (STDOUT, STG)#
#2026 06 03 17:38:54.619#Z#DEBUG#f80b5a63-5f72-11f1-9dec-eeee0a8a2953.empsaldetails#flowable-async-job-executor-thread-823#
[PollStageAppStatusExecution] 6a475b8d-f7cc-4a0a-96d8-d3fa312c74a8 [2026-06-03T17:38:46.133985] Downloaded sap_java_buildpack_jakarta_2_56 (STDOUT, STG)#
#2026 06 03 17:38:54.619#Z#DEBUG#f80b5a63-5f72-11f1-9dec-eeee0a8a2953.empsaldetails#flowable-async-job-executor-thread-823#
[PollStageAppStatusExecution] 6a475b8d-f7cc-4a0a-96d8-d3fa312c74a8 [2026-06-03T17:38:46.134001] Downloading java_buildpack... (STDOUT, STG)#
#2026 06 03 17:38:54.619#Z#DEBUG#f80b5a63-5f72-11f1-9dec-eeee0a8a2953.empsaldetails#flowable-async-job-executor-thread-823#
[PollStageAppStatusExecution] 6a475b8d-f7cc-4a0a-96d8-d3fa312c74a8 [2026-06-03T17:38:46.134616] Downloaded zero_trust_sidecar_buildpack_1_15 (STDOUT, STG)#
#2026 06 03 17:38:54.619#Z#DEBUG#f80b5a63-5f72-11f1-9dec-eeee0a8a2953.empsaldetails#flowable-async-job-executor-thread-823#
[PollStageAppStatusExecution] 6a475b8d-f7cc-4a0a-96d8-d3fa312c74a8 [2026-06-03T17:38:46.134657] Downloading nodejs_buildpack... (STDOUT, STG)#
#2026 06 03 17:38:54.619#Z#DEBUG#f80b5a63-5f72-11f1-9dec-eeee0a8a2953.empsaldetails#flowable-async-job-executor-thread-823#
[PollStageAppStatusExecution] 6a475b8d-f7cc-4a0a-96d8-d3fa312c74a8 [2026-06-03T17:38:46.141508] Downloaded sap_java_buildpack_jakarta (STDOUT, STG)#
#2026 06 03 17:38:54.619#Z#DEBUG#f80b5a63-5f72-11f1-9dec-eeee0a8a2953.empsaldetails#flowable-async-job-executor-thread-823#
[PollStageAppStatusExecution] 6a475b8d-f7cc-4a0a-96d8-d3fa312c74a8 [2026-06-03T17:38:46.141561] Downloading python_buildpack... (STDOUT, STG)#
#2026 06 03 17:38:54.619#Z#DEBUG#f80b5a63-5f72-11f1-9dec-eeee0a8a2953.empsaldetails#flowable-async-job-executor-thread-823#
[PollStageAppStatusExecution] 6a475b8d-f7cc-4a0a-96d8-d3fa312c74a8 [2026-06-03T17:38:46.148270] Downloaded java_buildpack (STDOUT, STG)#
#2026 06 03 17:38:54.619#Z#DEBUG#f80b5a63-5f72-11f1-9dec-eeee0a8a2953.empsaldetails#flowable-async-job-executor-thread-823#
[PollStageAppStatusExecution] 6a475b8d-f7cc-4a0a-96d8-d3fa312c74a8 [2026-06-03T17:38:46.148283] Downloading php_buildpack... (STDOUT, STG)#
#2026 06 03 17:38:54.619#Z#DEBUG#f80b5a63-5f72-11f1-9dec-eeee0a8a2953.empsaldetails#flowable-async-job-executor-thread-823#
[PollStageAppStatusExecution] 6a475b8d-f7cc-4a0a-96d8-d3fa312c74a8 [2026-06-03T17:38:46.149071] Downloaded staticfile_buildpack (STDOUT, STG)#
#2026 06 03 17:38:54.619#Z#DEBUG#f80b5a63-5f72-11f1-9dec-eeee0a8a2953.empsaldetails#flowable-async-job-executor-thread-823#
[PollStageAppStatusExecution] 6a475b8d-f7cc-4a0a-96d8-d3fa312c74a8 [2026-06-03T17:38:46.149092] Downloading sap_java_buildpack_jakarta_2_59... (STDOUT, STG)#
#2026 06 03 17:38:54.619#Z#DEBUG#f80b5a63-5f72-11f1-9dec-eeee0a8a2953.empsaldetails#flowable-async-job-executor-thread-823#
[PollStageAppStatusExecution] 6a475b8d-f7cc-4a0a-96d8-d3fa312c74a8 [2026-06-03T17:38:46.156049] Downloaded nodejs_buildpack (STDOUT, STG)#
#2026 06 03 17:38:54.619#Z#DEBUG#f80b5a63-5f72-11f1-9dec-eeee0a8a2953.empsaldetails#flowable-async-job-executor-thread-823#
[PollStageAppStatusExecution] 6a475b8d-f7cc-4a0a-96d8-d3fa312c74a8 [2026-06-03T17:38:46.156406] Downloaded go_buildpack (STDOUT, STG)#
#2026 06 03 17:38:54.619#Z#DEBUG#f80b5a63-5f72-11f1-9dec-eeee0a8a2953.empsaldetails#flowable-async-job-executor-thread-823#
[PollStageAppStatusExecution] 6a475b8d-f7cc-4a0a-96d8-d3fa312c74a8 [2026-06-03T17:38:46.158096] Downloaded python_buildpack (STDOUT, STG)#
#2026 06 03 17:38:54.619#Z#DEBUG#f80b5a63-5f72-11f1-9dec-eeee0a8a2953.empsaldetails#flowable-async-job-executor-thread-823#
[PollStageAppStatusExecution] 6a475b8d-f7cc-4a0a-96d8-d3fa312c74a8 [2026-06-03T17:38:46.163607] Downloaded php_buildpack (STDOUT, STG)#
#2026 06 03 17:38:54.619#Z#DEBUG#f80b5a63-5f72-11f1-9dec-eeee0a8a2953.empsaldetails#flowable-async-job-executor-thread-823#
[PollStageAppStatusExecution] 6a475b8d-f7cc-4a0a-96d8-d3fa312c74a8 [2026-06-03T17:38:46.166288] Downloaded sap_java_buildpack_jakarta_2_59 (STDOUT, STG)#
#2026 06 03 17:38:54.619#Z#DEBUG#f80b5a63-5f72-11f1-9dec-eeee0a8a2953.empsaldetails#flowable-async-job-executor-thread-823#
[PollStageAppStatusExecution] 6a475b8d-f7cc-4a0a-96d8-d3fa312c74a8 [2026-06-03T17:38:46.166337] Cell 4401fcd0-006d-4ceb-9b51-aa22a1b186cf creating container for instance 1085f259-cb40-4c27-856a-760b53a0f3ca (STDOUT, STG)#
#2026 06 03 17:38:54.619#Z#DEBUG#f80b5a63-5f72-11f1-9dec-eeee0a8a2953.empsaldetails#flowable-async-job-executor-thread-823#
[PollStageAppStatusExecution] 6a475b8d-f7cc-4a0a-96d8-d3fa312c74a8 [2026-06-03T17:38:46.576304] Security group rules were updated (STDOUT, STG)#
#2026 06 03 17:38:54.619#Z#DEBUG#f80b5a63-5f72-11f1-9dec-eeee0a8a2953.empsaldetails#flowable-async-job-executor-thread-823#
[PollStageAppStatusExecution] 6a475b8d-f7cc-4a0a-96d8-d3fa312c74a8 [2026-06-03T17:38:46.635467] Cell 4401fcd0-006d-4ceb-9b51-aa22a1b186cf successfully created container for instance 1085f259-cb40-4c27-856a-760b53a0f3ca (STDOUT, STG)#
#2026 06 03 17:38:54.619#Z#DEBUG#f80b5a63-5f72-11f1-9dec-eeee0a8a2953.empsaldetails#flowable-async-job-executor-thread-823#
[PollStageAppStatusExecution] 6a475b8d-f7cc-4a0a-96d8-d3fa312c74a8 [2026-06-03T17:38:47.127179] Downloading app package... (STDOUT, STG)#
#2026 06 03 17:38:54.619#Z#DEBUG#f80b5a63-5f72-11f1-9dec-eeee0a8a2953.empsaldetails#flowable-async-job-executor-thread-823#
[PollStageAppStatusExecution] 6a475b8d-f7cc-4a0a-96d8-d3fa312c74a8 [2026-06-03T17:38:47.167427] Downloaded app package (59.9K) (STDOUT, STG)#
#2026 06 03 17:38:54.619#Z#DEBUG#f80b5a63-5f72-11f1-9dec-eeee0a8a2953.empsaldetails#flowable-async-job-executor-thread-823#
[PollStageAppStatusExecution] 6a475b8d-f7cc-4a0a-96d8-d3fa312c74a8 [2026-06-03T17:38:47.590382] -----> Nodejs Buildpack version 1.8.44 (STDOUT, STG)#
#2026 06 03 17:38:54.619#Z#DEBUG#f80b5a63-5f72-11f1-9dec-eeee0a8a2953.empsaldetails#flowable-async-job-executor-thread-823#
[PollStageAppStatusExecution] 6a475b8d-f7cc-4a0a-96d8-d3fa312c74a8 [2026-06-03T17:38:47.592137] -----> Bootstrapping python (STDOUT, STG)#
#2026 06 03 17:38:54.619#Z#DEBUG#f80b5a63-5f72-11f1-9dec-eeee0a8a2953.empsaldetails#flowable-async-job-executor-thread-823#
[PollStageAppStatusExecution] 6a475b8d-f7cc-4a0a-96d8-d3fa312c74a8 [2026-06-03T17:38:47.592152] -----> Installing python 3.11.14 (STDOUT, STG)#
#2026 06 03 17:38:54.619#Z#DEBUG#f80b5a63-5f72-11f1-9dec-eeee0a8a2953.empsaldetails#flowable-async-job-executor-thread-823#
[PollStageAppStatusExecution] 6a475b8d-f7cc-4a0a-96d8-d3fa312c74a8 [2026-06-03T17:38:47.592225] Copy [/tmp/buildpacks/ee597f2be8090397/dependencies/b5e0345ae0ae1932e7d56fffaa49a487/python_3.11.14_linux_x64_cflinuxfs4_66f53248.tgz] (STDOUT, STG)#
#2026 06 03 17:38:54.619#Z#DEBUG#f80b5a63-5f72-11f1-9dec-eeee0a8a2953.empsaldetails#flowable-async-job-executor-thread-823#
[PollStageAppStatusExecution] 6a475b8d-f7cc-4a0a-96d8-d3fa312c74a8 [2026-06-03T17:38:51.025717] -----> Installing binaries (STDOUT, STG)#
#2026 06 03 17:38:54.619#Z#DEBUG#f80b5a63-5f72-11f1-9dec-eeee0a8a2953.empsaldetails#flowable-async-job-executor-thread-823#
[PollStageAppStatusExecution] 6a475b8d-f7cc-4a0a-96d8-d3fa312c74a8 [2026-06-03T17:38:51.025796] engines.node (package.json): unspecified (STDOUT, STG)#
#2026 06 03 17:38:54.619#Z#DEBUG#f80b5a63-5f72-11f1-9dec-eeee0a8a2953.empsaldetails#flowable-async-job-executor-thread-823#
[PollStageAppStatusExecution] 6a475b8d-f7cc-4a0a-96d8-d3fa312c74a8 [2026-06-03T17:38:51.025811] engines.npm (package.json): unspecified (use default) (STDOUT, STG)#
#2026 06 03 17:38:54.619#Z#DEBUG#f80b5a63-5f72-11f1-9dec-eeee0a8a2953.empsaldetails#flowable-async-job-executor-thread-823#
[PollStageAppStatusExecution] 6a475b8d-f7cc-4a0a-96d8-d3fa312c74a8 [2026-06-03T17:38:51.025815] [31;1m**WARNING**[0m Node version not specified in package.json or .nvmrc. See: http://docs.cloudfoundry.org/buildpacks/node/node-tips.html (STDOUT, STG)#
#2026 06 03 17:38:54.619#Z#DEBUG#f80b5a63-5f72-11f1-9dec-eeee0a8a2953.empsaldetails#flowable-async-job-executor-thread-823#
[PollStageAppStatusExecution] 6a475b8d-f7cc-4a0a-96d8-d3fa312c74a8 [2026-06-03T17:38:51.025874] -----> Installing node 22.22.0 (STDOUT, STG)#
#2026 06 03 17:38:54.619#Z#DEBUG#f80b5a63-5f72-11f1-9dec-eeee0a8a2953.empsaldetails#flowable-async-job-executor-thread-823#
[PollStageAppStatusExecution] 6a475b8d-f7cc-4a0a-96d8-d3fa312c74a8 [2026-06-03T17:38:51.026016] Copy [/tmp/buildpacks/ee597f2be8090397/dependencies/65c50d3a8311e7796847437aebc5aebd/node_22.22.0_linux_x64_cflinuxfs4_a73ffe6d.tgz] (STDOUT, STG)#
#2026 06 03 17:38:54.619#Z#DEBUG#f80b5a63-5f72-11f1-9dec-eeee0a8a2953.empsaldetails#flowable-async-job-executor-thread-823#
[PollStageAppStatusExecution] 6a475b8d-f7cc-4a0a-96d8-d3fa312c74a8 [2026-06-03T17:38:53.333654] Using default npm version: 10.9.4 (STDOUT, STG)#
#2026 06 03 17:38:54.619#Z#DEBUG#f80b5a63-5f72-11f1-9dec-eeee0a8a2953.empsaldetails#flowable-async-job-executor-thread-823#
[PollStageAppStatusExecution] 6a475b8d-f7cc-4a0a-96d8-d3fa312c74a8 [2026-06-03T17:38:53.333695] -----> Installing yarn 1.22.22 (STDOUT, STG)#
#2026 06 03 17:38:54.619#Z#DEBUG#f80b5a63-5f72-11f1-9dec-eeee0a8a2953.empsaldetails#flowable-async-job-executor-thread-823#
[PollStageAppStatusExecution] 6a475b8d-f7cc-4a0a-96d8-d3fa312c74a8 [2026-06-03T17:38:53.333709] Copy [/tmp/buildpacks/ee597f2be8090397/dependencies/e3a39aedd1236924d69cc2d0637a8ed2/yarn_1.22.22_linux_noarch_any-stack_4911d0a6.tgz] (STDOUT, STG)#
#2026 06 03 17:38:54.619#Z#DEBUG#f80b5a63-5f72-11f1-9dec-eeee0a8a2953.empsaldetails#flowable-async-job-executor-thread-823#
[PollStageAppStatusExecution] 6a475b8d-f7cc-4a0a-96d8-d3fa312c74a8 [2026-06-03T17:38:53.668382] Installed yarn 1.22.22 (STDOUT, STG)#
#2026 06 03 17:38:54.619#Z#DEBUG#f80b5a63-5f72-11f1-9dec-eeee0a8a2953.empsaldetails#flowable-async-job-executor-thread-823#
[PollStageAppStatusExecution] 6a475b8d-f7cc-4a0a-96d8-d3fa312c74a8 [2026-06-03T17:38:53.668406] -----> Creating runtime environment (STDOUT, STG)#
#2026 06 03 17:38:54.619#Z#DEBUG#f80b5a63-5f72-11f1-9dec-eeee0a8a2953.empsaldetails#flowable-async-job-executor-thread-823#
[PollStageAppStatusExecution] 6a475b8d-f7cc-4a0a-96d8-d3fa312c74a8 [2026-06-03T17:38:53.670433] NODE_ENV=production (STDOUT, STG)#
#2026 06 03 17:38:54.619#Z#DEBUG#f80b5a63-5f72-11f1-9dec-eeee0a8a2953.empsaldetails#flowable-async-job-executor-thread-823#
[PollStageAppStatusExecution] 6a475b8d-f7cc-4a0a-96d8-d3fa312c74a8 [2026-06-03T17:38:53.670453] NODE_HOME=/tmp/contents3238391258/deps/0/node (STDOUT, STG)#
#2026 06 03 17:38:54.619#Z#DEBUG#f80b5a63-5f72-11f1-9dec-eeee0a8a2953.empsaldetails#flowable-async-job-executor-thread-823#
[PollStageAppStatusExecution] 6a475b8d-f7cc-4a0a-96d8-d3fa312c74a8 [2026-06-03T17:38:53.670456] NODE_MODULES_CACHE=true (STDOUT, STG)#
#2026 06 03 17:38:54.619#Z#DEBUG#f80b5a63-5f72-11f1-9dec-eeee0a8a2953.empsaldetails#flowable-async-job-executor-thread-823#
[PollStageAppStatusExecution] 6a475b8d-f7cc-4a0a-96d8-d3fa312c74a8 [2026-06-03T17:38:53.670458] NODE_VERBOSE=false (STDOUT, STG)#
#2026 06 03 17:38:54.619#Z#DEBUG#f80b5a63-5f72-11f1-9dec-eeee0a8a2953.empsaldetails#flowable-async-job-executor-thread-823#
[PollStageAppStatusExecution] 6a475b8d-f7cc-4a0a-96d8-d3fa312c74a8 [2026-06-03T17:38:53.670460] NPM_CONFIG_LOGLEVEL=error (STDOUT, STG)#
#2026 06 03 17:38:54.619#Z#DEBUG#f80b5a63-5f72-11f1-9dec-eeee0a8a2953.empsaldetails#flowable-async-job-executor-thread-823#
[PollStageAppStatusExecution] 6a475b8d-f7cc-4a0a-96d8-d3fa312c74a8 [2026-06-03T17:38:53.670462] NPM_CONFIG_PRODUCTION=true (STDOUT, STG)#
#2026 06 03 17:38:54.619#Z#DEBUG#f80b5a63-5f72-11f1-9dec-eeee0a8a2953.empsaldetails#flowable-async-job-executor-thread-823#
[PollStageAppStatusExecution] 6a475b8d-f7cc-4a0a-96d8-d3fa312c74a8 [2026-06-03T17:38:53.670482] -----> Building dependencies (STDOUT, STG)#
#2026 06 03 17:38:54.619#Z#DEBUG#f80b5a63-5f72-11f1-9dec-eeee0a8a2953.empsaldetails#flowable-async-job-executor-thread-823#
[PollStageAppStatusExecution] 6a475b8d-f7cc-4a0a-96d8-d3fa312c74a8 [2026-06-03T17:38:53.670485] Prebuild detected (node_modules already exists) (STDOUT, STG)#
#2026 06 03 17:38:54.619#Z#DEBUG#f80b5a63-5f72-11f1-9dec-eeee0a8a2953.empsaldetails#flowable-async-job-executor-thread-823#
[PollStageAppStatusExecution] 6a475b8d-f7cc-4a0a-96d8-d3fa312c74a8 [2026-06-03T17:38:53.670560] Rebuilding any native modules (STDOUT, STG)#
#2026 06 03 17:38:54.619#Z#DEBUG#f80b5a63-5f72-11f1-9dec-eeee0a8a2953.empsaldetails#flowable-async-job-executor-thread-823#
[PollStageAppStatusExecution] 6a475b8d-f7cc-4a0a-96d8-d3fa312c74a8 [2026-06-03T17:38:54.122912] rebuilt dependencies successfully (STDOUT, STG)#
#2026 06 03 17:39:04.645#Z#DEBUG#f80b5a63-5f72-11f1-9dec-eeee0a8a2953.empsaldetails#flowable-async-job-executor-thread-829#
[PollStageAppStatusExecution] 6a475b8d-f7cc-4a0a-96d8-d3fa312c74a8 [2026-06-03T17:38:54.219840] Installing any new modules (package.json + package-lock.json) (STDOUT, STG)#
#2026 06 03 17:39:04.645#Z#DEBUG#f80b5a63-5f72-11f1-9dec-eeee0a8a2953.empsaldetails#flowable-async-job-executor-thread-829#
[PollStageAppStatusExecution] 6a475b8d-f7cc-4a0a-96d8-d3fa312c74a8 [2026-06-03T17:38:56.691826] added 205 packages, and changed 2 packages in 2s (STDOUT, STG)#
#2026 06 03 17:39:04.645#Z#DEBUG#f80b5a63-5f72-11f1-9dec-eeee0a8a2953.empsaldetails#flowable-async-job-executor-thread-829#
[PollStageAppStatusExecution] 6a475b8d-f7cc-4a0a-96d8-d3fa312c74a8 [2026-06-03T17:38:56.691844] 31 packages are looking for funding (STDOUT, STG)#
#2026 06 03 17:39:04.645#Z#DEBUG#f80b5a63-5f72-11f1-9dec-eeee0a8a2953.empsaldetails#flowable-async-job-executor-thread-829#
[PollStageAppStatusExecution] 6a475b8d-f7cc-4a0a-96d8-d3fa312c74a8 [2026-06-03T17:38:56.691847] run `npm fund` for details (STDOUT, STG)#
#2026 06 03 17:39:04.645#Z#DEBUG#f80b5a63-5f72-11f1-9dec-eeee0a8a2953.empsaldetails#flowable-async-job-executor-thread-829#
[PollStageAppStatusExecution] 6a475b8d-f7cc-4a0a-96d8-d3fa312c74a8 [2026-06-03T17:38:57.603926] Contrast Security no credentials found. Will not write environment files. (STDOUT, STG)#
#2026 06 03 17:39:14.660#Z#DEBUG#f80b5a63-5f72-11f1-9dec-eeee0a8a2953.empsaldetails#flowable-async-job-executor-thread-837#
[PollStageAppStatusExecution] 6a475b8d-f7cc-4a0a-96d8-d3fa312c74a8 [2026-06-03T17:39:08.412517] Exit status 0 (STDOUT, STG)#
#2026 06 03 17:39:14.660#Z#DEBUG#f80b5a63-5f72-11f1-9dec-eeee0a8a2953.empsaldetails#flowable-async-job-executor-thread-837#
[PollStageAppStatusExecution] 6a475b8d-f7cc-4a0a-96d8-d3fa312c74a8 [2026-06-03T17:39:08.412577] Uploading droplet, build artifacts cache... (STDOUT, STG)#
#2026 06 03 17:39:14.660#Z#DEBUG#f80b5a63-5f72-11f1-9dec-eeee0a8a2953.empsaldetails#flowable-async-job-executor-thread-837#
[PollStageAppStatusExecution] 6a475b8d-f7cc-4a0a-96d8-d3fa312c74a8 [2026-06-03T17:39:08.412642] Uploading droplet... (STDOUT, STG)#
#2026 06 03 17:39:14.660#Z#DEBUG#f80b5a63-5f72-11f1-9dec-eeee0a8a2953.empsaldetails#flowable-async-job-executor-thread-837#
[PollStageAppStatusExecution] 6a475b8d-f7cc-4a0a-96d8-d3fa312c74a8 [2026-06-03T17:39:08.412701] Uploading build artifacts cache... (STDOUT, STG)#
#2026 06 03 17:39:14.660#Z#DEBUG#f80b5a63-5f72-11f1-9dec-eeee0a8a2953.empsaldetails#flowable-async-job-executor-thread-837#
[PollStageAppStatusExecution] 6a475b8d-f7cc-4a0a-96d8-d3fa312c74a8 [2026-06-03T17:39:08.443372] Uploaded build artifacts cache (217B) (STDOUT, STG)#
#2026 06 03 17:39:14.660#Z#DEBUG#f80b5a63-5f72-11f1-9dec-eeee0a8a2953.empsaldetails#flowable-async-job-executor-thread-837#
[PollStageAppStatusExecution] 6a475b8d-f7cc-4a0a-96d8-d3fa312c74a8 [2026-06-03T17:39:09.166538] Creating droplet for app with guid 6a475b8d-f7cc-4a0a-96d8-d3fa312c74a8 (STDOUT, API)#
#2026 06 03 17:39:14.660#Z#DEBUG#f80b5a63-5f72-11f1-9dec-eeee0a8a2953.empsaldetails#flowable-async-job-executor-thread-837#
[PollStageAppStatusExecution] 6a475b8d-f7cc-4a0a-96d8-d3fa312c74a8 [2026-06-03T17:39:13.247699] Uploaded droplet (62.3M) (STDOUT, STG)#
#2026 06 03 17:39:14.660#Z#DEBUG#f80b5a63-5f72-11f1-9dec-eeee0a8a2953.empsaldetails#flowable-async-job-executor-thread-837#
[PollStageAppStatusExecution] 6a475b8d-f7cc-4a0a-96d8-d3fa312c74a8 [2026-06-03T17:39:13.263522] Uploading complete (STDOUT, STG)#
#2026 06 03 17:39:14.660#Z#DEBUG#f80b5a63-5f72-11f1-9dec-eeee0a8a2953.empsaldetails#flowable-async-job-executor-thread-837#
[PollStageAppStatusExecution] 6a475b8d-f7cc-4a0a-96d8-d3fa312c74a8 [2026-06-03T17:39:13.569433] Cell 4401fcd0-006d-4ceb-9b51-aa22a1b186cf stopping instance 1085f259-cb40-4c27-856a-760b53a0f3ca (STDOUT, STG)#
#2026 06 03 17:39:14.660#Z#DEBUG#f80b5a63-5f72-11f1-9dec-eeee0a8a2953.empsaldetails#flowable-async-job-executor-thread-837#
[PollStageAppStatusExecution] 6a475b8d-f7cc-4a0a-96d8-d3fa312c74a8 [2026-06-03T17:39:13.569462] Cell 4401fcd0-006d-4ceb-9b51-aa22a1b186cf destroying container for instance 1085f259-cb40-4c27-856a-760b53a0f3ca (STDOUT, STG)#
#2026 06 03 17:39:14.660#Z#DEBUG#f80b5a63-5f72-11f1-9dec-eeee0a8a2953.empsaldetails#flowable-async-job-executor-thread-837#
[PollStageAppStatusExecution] 6a475b8d-f7cc-4a0a-96d8-d3fa312c74a8 [2026-06-03T17:39:13.629170] Staging complete for build 1085f259-cb40-4c27-856a-760b53a0f3ca (STDOUT, API)#
#2026 06 03 17:39:24.810#Z#DEBUG#f80b5a63-5f72-11f1-9dec-eeee0a8a2953.empsaldetails#flowable-async-job-executor-thread-842#
[PollStartAppStatusExecution] 6a475b8d-f7cc-4a0a-96d8-d3fa312c74a8 [2026-06-03T17:39:14.741301] Updated app with guid 6a475b8d-f7cc-4a0a-96d8-d3fa312c74a8 ({:droplet_guid=>"d8271055-222d-43cd-87f6-b90e991c363c"}) (STDOUT, API)#
#2026 06 03 17:39:24.810#Z#DEBUG#f80b5a63-5f72-11f1-9dec-eeee0a8a2953.empsaldetails#flowable-async-job-executor-thread-842#
[PollStartAppStatusExecution] 6a475b8d-f7cc-4a0a-96d8-d3fa312c74a8 [2026-06-03T17:39:14.985368] Creating revision for app with guid 6a475b8d-f7cc-4a0a-96d8-d3fa312c74a8 (STDOUT, API)#
#2026 06 03 17:39:24.810#Z#DEBUG#f80b5a63-5f72-11f1-9dec-eeee0a8a2953.empsaldetails#flowable-async-job-executor-thread-842#
[PollStartAppStatusExecution] 6a475b8d-f7cc-4a0a-96d8-d3fa312c74a8 [2026-06-03T17:39:15.042450] Starting app with guid 6a475b8d-f7cc-4a0a-96d8-d3fa312c74a8 (STDOUT, API)#
#2026 06 03 17:39:24.810#Z#DEBUG#f80b5a63-5f72-11f1-9dec-eeee0a8a2953.empsaldetails#flowable-async-job-executor-thread-842#
[PollStartAppStatusExecution] 6a475b8d-f7cc-4a0a-96d8-d3fa312c74a8 [2026-06-03T17:39:15.318511] Cell 3697da87-6170-41a4-acb7-9186f1527dfa creating container for instance 3cb6059c-d734-4b22-517d-6a9b (STDOUT, CELL)#
#2026 06 03 17:39:24.810#Z#DEBUG#f80b5a63-5f72-11f1-9dec-eeee0a8a2953.empsaldetails#flowable-async-job-executor-thread-842#
[PollStartAppStatusExecution] 6a475b8d-f7cc-4a0a-96d8-d3fa312c74a8 [2026-06-03T17:39:16.104897] Security group rules were updated (STDOUT, CELL)#
#2026 06 03 17:39:24.810#Z#DEBUG#f80b5a63-5f72-11f1-9dec-eeee0a8a2953.empsaldetails#flowable-async-job-executor-thread-842#
[PollStartAppStatusExecution] 6a475b8d-f7cc-4a0a-96d8-d3fa312c74a8 [2026-06-03T17:39:16.221327] Cell 3697da87-6170-41a4-acb7-9186f1527dfa successfully created container for instance 3cb6059c-d734-4b22-517d-6a9b (STDOUT, CELL)#
#2026 06 03 17:39:24.810#Z#DEBUG#f80b5a63-5f72-11f1-9dec-eeee0a8a2953.empsaldetails#flowable-async-job-executor-thread-842#
[PollStartAppStatusExecution] 6a475b8d-f7cc-4a0a-96d8-d3fa312c74a8 [2026-06-03T17:39:16.357706] Cell 4401fcd0-006d-4ceb-9b51-aa22a1b186cf successfully destroyed container for instance 1085f259-cb40-4c27-856a-760b53a0f3ca (STDOUT, STG)#
#2026 06 03 17:39:24.810#Z#DEBUG#f80b5a63-5f72-11f1-9dec-eeee0a8a2953.empsaldetails#flowable-async-job-executor-thread-842#
[PollStartAppStatusExecution] 6a475b8d-f7cc-4a0a-96d8-d3fa312c74a8 [2026-06-03T17:39:16.793800] Downloading droplet... (STDOUT, CELL)#
#2026 06 03 17:39:24.810#Z#DEBUG#f80b5a63-5f72-11f1-9dec-eeee0a8a2953.empsaldetails#flowable-async-job-executor-thread-842#
[PollStartAppStatusExecution] 6a475b8d-f7cc-4a0a-96d8-d3fa312c74a8 [2026-06-03T17:39:22.103503] Downloaded droplet (62.3M) (STDOUT, CELL)#
#2026 06 03 17:39:24.810#Z#DEBUG#f80b5a63-5f72-11f1-9dec-eeee0a8a2953.empsaldetails#flowable-async-job-executor-thread-842#
[PollStartAppStatusExecution] 6a475b8d-f7cc-4a0a-96d8-d3fa312c74a8 [2026-06-03T17:39:22.103624] Starting health monitoring of container (STDOUT, CELL)#
#2026 06 03 17:39:24.810#Z#DEBUG#f80b5a63-5f72-11f1-9dec-eeee0a8a2953.empsaldetails#flowable-async-job-executor-thread-842#
[PollStartAppStatusExecution] 6a475b8d-f7cc-4a0a-96d8-d3fa312c74a8 [2026-06-03T17:39:22.256589] Invoking pre-start scripts. (STDOUT, APP/PROC/WEB)#
#2026 06 03 17:39:24.810#Z#DEBUG#f80b5a63-5f72-11f1-9dec-eeee0a8a2953.empsaldetails#flowable-async-job-executor-thread-842#
[PollStartAppStatusExecution] 6a475b8d-f7cc-4a0a-96d8-d3fa312c74a8 [2026-06-03T17:39:22.503097] Invoking start command. (STDOUT, APP/PROC/WEB)#
#2026 06 03 17:39:24.810#Z#DEBUG#f80b5a63-5f72-11f1-9dec-eeee0a8a2953.empsaldetails#flowable-async-job-executor-thread-842#
[PollStartAppStatusExecution] 6a475b8d-f7cc-4a0a-96d8-d3fa312c74a8 [2026-06-03T17:39:22.949087] > start (STDOUT, APP/PROC/WEB)#
#2026 06 03 17:39:24.810#Z#DEBUG#f80b5a63-5f72-11f1-9dec-eeee0a8a2953.empsaldetails#flowable-async-job-executor-thread-842#
[PollStartAppStatusExecution] 6a475b8d-f7cc-4a0a-96d8-d3fa312c74a8 [2026-06-03T17:39:22.949109] > node -r @sap/xsenv node_modules/@sap/approuter/approuter.js (STDOUT, APP/PROC/WEB)#
#2026 06 03 17:39:24.810#Z#DEBUG#f80b5a63-5f72-11f1-9dec-eeee0a8a2953.empsaldetails#flowable-async-job-executor-thread-842#
[PollStartAppStatusExecution] 6a475b8d-f7cc-4a0a-96d8-d3fa312c74a8 [2026-06-03T17:39:23.164116] {"written_at":"2026-06-03T17:39:23.162Z","written_ts":1780508363162000000,"csn_component":"-","correlation_id":"-","type":"log","logger":"nodejs-logger","layer":"/LoggingLibrary","level":"warning","container_id":"10.32.2.7","component_type":"application","component_id":"6a475b8d-f7cc-4a0a-96d8-d3fa312c74a8","component_name":"empsaldetails","component_instance":-1,"source_instance":-1,"organization_id":"ad01a2b8-4d2a-484d-b7fa-3e9f30dccef1","organization_name":"4b4624aftrial","space_id":"38b83465-43f6-4d88-83f2-f894fc82c03a","space_name":"dev","context_id":"","msg":"Dynamic log level switching not available"} (STDOUT, APP/PROC/WEB)#
#2026 06 03 17:39:24.810#Z#DEBUG#f80b5a63-5f72-11f1-9dec-eeee0a8a2953.empsaldetails#flowable-async-job-executor-thread-842#
[PollStartAppStatusExecution] 6a475b8d-f7cc-4a0a-96d8-d3fa312c74a8 [2026-06-03T17:39:23.671610] {"written_at":"2026-06-03T17:39:23.670Z","written_ts":1780508363670000000,"csn_component":"-","correlation_id":"mpycpi1j","type":"log","logger":"nodejs-logger","layer":"/approuter","level":"info","container_id":"10.32.2.7","component_type":"application","component_id":"6a475b8d-f7cc-4a0a-96d8-d3fa312c74a8","component_name":"empsaldetails","component_instance":-1,"source_instance":-1,"organization_id":"ad01a2b8-4d2a-484d-b7fa-3e9f30dccef1","organization_name":"4b4624aftrial","space_id":"38b83465-43f6-4d88-83f2-f894fc82c03a","space_name":"dev","context_id":"mpycpi1j","msg":"Application router version 22.0.1"} (STDOUT, APP/PROC/WEB)#
#2026 06 03 17:39:24.810#Z#DEBUG#f80b5a63-5f72-11f1-9dec-eeee0a8a2953.empsaldetails#flowable-async-job-executor-thread-842#
[PollStartAppStatusExecution] 6a475b8d-f7cc-4a0a-96d8-d3fa312c74a8 [2026-06-03T17:39:23.677141] {"written_at":"2026-06-03T17:39:23.676Z","written_ts":1780508363676000000,"csn_component":"-","correlation_id":"mpycpi1o","type":"log","logger":"nodejs-logger","layer":"/Configuration","level":"info","container_id":"10.32.2.7","component_type":"application","component_id":"6a475b8d-f7cc-4a0a-96d8-d3fa312c74a8","component_name":"empsaldetails","component_instance":-1,"source_instance":-1,"organization_id":"ad01a2b8-4d2a-484d-b7fa-3e9f30dccef1","organization_name":"4b4624aftrial","space_id":"38b83465-43f6-4d88-83f2-f894fc82c03a","space_name":"dev","context_id":"mpycpi1o","msg":"No COOKIES environment variable"} (STDOUT, APP/PROC/WEB)#
#2026 06 03 17:39:24.810#Z#DEBUG#f80b5a63-5f72-11f1-9dec-eeee0a8a2953.empsaldetails#flowable-async-job-executor-thread-842#
[PollStartAppStatusExecution] 6a475b8d-f7cc-4a0a-96d8-d3fa312c74a8 [2026-06-03T17:39:23.683225] {"written_at":"2026-06-03T17:39:23.683Z","written_ts":1780508363683000000,"csn_component":"-","correlation_id":"mpycpi1v","type":"log","logger":"nodejs-logger","layer":"/Configuration","level":"info","container_id":"10.32.2.7","component_type":"application","component_id":"6a475b8d-f7cc-4a0a-96d8-d3fa312c74a8","component_name":"empsaldetails","component_instance":-1,"source_instance":-1,"organization_id":"ad01a2b8-4d2a-484d-b7fa-3e9f30dccef1","organization_name":"4b4624aftrial","space_id":"38b83465-43f6-4d88-83f2-f894fc82c03a","space_name":"dev","context_id":"mpycpi1v","msg":"xs-app.json: Application does not have directory for static resources!"} (STDOUT, APP/PROC/WEB)#
#2026 06 03 17:39:24.810#Z#DEBUG#f80b5a63-5f72-11f1-9dec-eeee0a8a2953.empsaldetails#flowable-async-job-executor-thread-842#
[PollStartAppStatusExecution] 6a475b8d-f7cc-4a0a-96d8-d3fa312c74a8 [2026-06-03T17:39:23.710166] {"written_at":"2026-06-03T17:39:23.709Z","written_ts":1780508363709000000,"csn_component":"-","correlation_id":"mpycpi1j","type":"log","logger":"nodejs-logger","layer":"/approuter","level":"info","container_id":"10.32.2.7","component_type":"application","component_id":"6a475b8d-f7cc-4a0a-96d8-d3fa312c74a8","component_name":"empsaldetails","component_instance":-1,"source_instance":-1,"organization_id":"ad01a2b8-4d2a-484d-b7fa-3e9f30dccef1","organization_name":"4b4624aftrial","space_id":"38b83465-43f6-4d88-83f2-f894fc82c03a","space_name":"dev","context_id":"mpycpi1j","msg":"Application router is listening on port: 8080"} (STDOUT, APP/PROC/WEB)#
#2026 06 03 17:39:34.742#Z#DEBUG#f80b5a63-5f72-11f1-9dec-eeee0a8a2953.empsaldetails#flowable-async-job-executor-thread-845#
[PollStartAppStatusExecution] 6a475b8d-f7cc-4a0a-96d8-d3fa312c74a8 [2026-06-03T17:39:24.977429] Container became healthy (STDOUT, CELL)#
#2026 06 03 17:39:34.742#Z#DEBUG#f80b5a63-5f72-11f1-9dec-eeee0a8a2953.empsaldetails#flowable-async-job-executor-thread-845#
[PollStartAppStatusExecution] 6a475b8d-f7cc-4a0a-96d8-d3fa312c74a8 [2026-06-03T17:39:25.014730] Process became ready with guid 6a475b8d-f7cc-4a0a-96d8-d3fa312c74a8 payload: {"instance"=>"3cb6059c-d734-4b22-517d-6a9b", "index"=>0, "cell_id"=>"3697da87-6170-41a4-acb7-9186f1527dfa", "ready"=>true, "version"=>"fac7588f-4ccb-4385-9325-bdb8329fee2d"} (STDOUT, API)#
